=== Job info ===
Job: alclusterpyscf  ID: 13821307  Node: a510.anvil.rcac.purdue.edu
Threads: 8  PySCF max mem (MB): 255465
CPU(s):              128
On-line CPU(s) list: 0-127
Thread(s) per core:  1
Core(s) per socket:  64
Socket(s):           2
NUMA node(s):        8
Model name:          AMD EPYC 7763 64-Core Processor
NUMA node0 CPU(s):   0-15
NUMA node1 CPU(s):   16-31
NUMA node2 CPU(s):   32-47
NUMA node3 CPU(s):   48-63
NUMA node4 CPU(s):   64-79
NUMA node5 CPU(s):   80-95
NUMA node6 CPU(s):   96-111
NUMA node7 CPU(s):   112-127
              total        used        free      shared  buff/cache   available
Mem:          251Gi        11Gi       234Gi       5.3Gi       5.5Gi       233Gi
Swap:          89Gi          0B        89Gi
TMPDIR=/tmp

=== Starting Python with /usr/bin/time -v ===

WARN: Singularity detected in overlap matrix (condition number = 4.6e+08). SCF may be inaccurate and hard to converge.





******** <class 'pyscf.scf.addons.SmearingDFSecondOrderRKS'> ********
method = SmearingDFSecondOrderRKS
initial guess = minao
damping factor = 0.15
level_shift factor = 0.2
DIIS = <class 'pyscf.scf.diis.CDIIS'>
diis_start_cycle = 1
diis_space = 12
diis_damp = 0
SCF conv_tol = 5e-05
SCF conv_tol_grad = 0.00045
SCF max_cycles = 80
direct_scf = True
direct_scf_tol = 1e-13
chkfile to save SCF result = /tmp/tmphsou5m11
max_memory 255465 MB (current use 221 MB)
XC library pyscf.dft.libxc version 6.1.0
    S. Lehtola, C. Steigemann, M. J.T. Oliveira, and M. A.L. Marques.,  SoftwareX 7, 1–5 (2018)
XC functionals = PBE
    J. P. Perdew, K. Burke, and M. Ernzerhof.,  Phys. Rev. Lett. 77, 3865 (1996)
    J. P. Perdew, K. Burke, and M. Ernzerhof.,  Phys. Rev. Lett. 78, 1396 (1997)
    J. P. Perdew, K. Burke, and M. Ernzerhof.,  Phys. Rev. Lett. 77, 3865 (1996)
    J. P. Perdew, K. Burke, and M. Ernzerhof.,  Phys. Rev. Lett. 78, 1396 (1997)
small_rho_cutoff = 1e-06
******** <class 'pyscf.dft.rks.RKS'> Newton solver flags ********
SCF tol = 5e-05
conv_tol_grad = 0.00045
max. SCF cycles = 80
direct_scf = True
direct_scf_tol = 1e-13
chkfile to save SCF result = /tmp/tmphsou5m11
max_cycle_inner = 12
max_stepsize = 0.0018
ah_start_tol = 1e+09
ah_level_shift = 0
ah_conv_tol = 1e-12
ah_lindep = 1e-14
ah_start_cycle = 1
ah_max_cycle = 40
ah_grad_trust_region = 2.5
kf_interval = 4
kf_trust_region = 5
canonicalization = True
max_memory 255465 MB (current use 221 MB)
Initial guess from minao.
