=== Job info ===
Job: alclusterpyscf  ID: 13816253  Node: a091.anvil.rcac.purdue.edu
Threads: 8  PySCF max mem (MB): 255465
CPU(s):              128
On-line CPU(s) list: 0-127
Thread(s) per core:  1
Core(s) per socket:  64
Socket(s):           2
NUMA node(s):        8
Model name:          AMD EPYC 7763 64-Core Processor
NUMA node0 CPU(s):   0-15
NUMA node1 CPU(s):   16-31
NUMA node2 CPU(s):   32-47
NUMA node3 CPU(s):   48-63
NUMA node4 CPU(s):   64-79
NUMA node5 CPU(s):   80-95
NUMA node6 CPU(s):   96-111
NUMA node7 CPU(s):   112-127
              total        used        free      shared  buff/cache   available
Mem:          251Gi        19Gi       226Gi       4.9Gi       5.2Gi       226Gi
Swap:          89Gi       920Mi        88Gi
TMPDIR=/tmp

=== Starting Python with /usr/bin/time -v ===


******** <class 'pyscf.scf.addons.SmearingDFRKS'> ********
method = SmearingDFRKS
initial guess = minao
damping factor = 0.15
level_shift factor = 0.2
DIIS = <class 'pyscf.scf.diis.CDIIS'>
diis_start_cycle = 1
diis_space = 12
diis_damp = 0
SCF conv_tol = 5e-05
SCF conv_tol_grad = 0.00045
SCF max_cycles = 50
direct_scf = True
direct_scf_tol = 1e-13
chkfile to save SCF result = /tmp/tmp_029zup0
max_memory 255465 MB (current use 218 MB)
XC library pyscf.dft.libxc version 6.1.0
    S. Lehtola, C. Steigemann, M. J.T. Oliveira, and M. A.L. Marques.,  SoftwareX 7, 1–5 (2018)
XC functionals = PBE
    J. P. Perdew, K. Burke, and M. Ernzerhof.,  Phys. Rev. Lett. 77, 3865 (1996)
    J. P. Perdew, K. Burke, and M. Ernzerhof.,  Phys. Rev. Lett. 78, 1396 (1997)
    J. P. Perdew, K. Burke, and M. Ernzerhof.,  Phys. Rev. Lett. 77, 3865 (1996)
    J. P. Perdew, K. Burke, and M. Ernzerhof.,  Phys. Rev. Lett. 78, 1396 (1997)
small_rho_cutoff = 1e-06
Initial guess from minao.
init E= -12272.5049762823
    sigma = 0.01  Optimized mu = -0.0209580880044  entropy = 18.198377113
    Total E(T) = -12264.7192775327  Free energy = -12264.9012613039  E0 = -12264.8102694183
cycle= 1 E= -12264.7192775327  delta_E= 7.79  |g|= 2.69  |ddm|= 6.05e+03
    sigma = 0.01  Optimized mu = 0.054172784269  entropy = 7.97390839334
    Total E(T) = -12229.176150763  Free energy = -12229.255889847  E0 = -12229.216020305
cycle= 2 E= -12229.176150763  delta_E= 35.5  |g|= 18.9  |ddm|= 3.58e+03
    sigma = 0.01  Optimized mu = -0.0973766474074  entropy = 9.21908751234
    Total E(T) = -12255.4049087195  Free energy = -12255.4970995946  E0 = -12255.4510041571
cycle= 3 E= -12255.4049087195  delta_E= -26.2  |g|= 9.13  |ddm|= 1.03e+03
    sigma = 0.01  Optimized mu = -0.0810716248195  entropy = 2.84910377881
    Total E(T) = -12261.3728634588  Free energy = -12261.4013544966  E0 = -12261.3871089777
cycle= 4 E= -12261.3728634588  delta_E= -5.97  |g|= 5.92  |ddm|=  995
    sigma = 0.01  Optimized mu = -0.0812021595348  entropy = 0.483471888327
    Total E(T) = -12264.0131026563  Free energy = -12264.0179373752  E0 = -12264.0155200157
cycle= 5 E= -12264.0131026563  delta_E= -2.64  |g|= 3.61  |ddm|=  756
    sigma = 0.01  Optimized mu = -0.0806741241894  entropy = 0.22226475292
    Total E(T) = -12264.9805173727  Free energy = -12264.9827400203  E0 = -12264.9816286965
cycle= 6 E= -12264.9805173727  delta_E= -0.967  |g|= 2.71  |ddm|= 1.7e+03
    sigma = 0.01  Optimized mu = -0.0699577337805  entropy = 0.0389145908792
    Total E(T) = -12265.4925295535  Free energy = -12265.4929186995  E0 = -12265.4927241265
cycle= 7 E= -12265.4925295535  delta_E= -0.512  |g|= 1.07  |ddm|=  680
    sigma = 0.01  Optimized mu = -0.0603837570588  entropy = 0.0385904835602
    Total E(T) = -12265.5842462299  Free energy = -12265.5846321347  E0 = -12265.5844391823
cycle= 8 E= -12265.5842462299  delta_E= -0.0917  |g|= 0.746  |ddm|=  477
    sigma = 0.01  Optimized mu = -0.0566683302829  entropy = 0.0216965142383
    Total E(T) = -12265.6449604692  Free energy = -12265.6451774343  E0 = -12265.6450689517
cycle= 9 E= -12265.6449604692  delta_E= -0.0607  |g|= 0.368  |ddm|=  357
    sigma = 0.01  Optimized mu = -0.0587586168337  entropy = 0.0185145717304
    Total E(T) = -12265.6688442478  Free energy = -12265.6690293935  E0 = -12265.6689368206
cycle= 10 E= -12265.6688442478  delta_E= -0.0239  |g|= 0.235  |ddm|=  176
    sigma = 0.01  Optimized mu = -0.0585145930902  entropy = 0.0168440941946
    Total E(T) = -12265.6785185013  Free energy = -12265.6786869422  E0 = -12265.6786027218
cycle= 11 E= -12265.6785185013  delta_E= -0.00967  |g|= 0.217  |ddm|= 79.8
    sigma = 0.01  Optimized mu = -0.0573493836883  entropy = 0.0158147224622
    Total E(T) = -12265.6849819233  Free energy = -12265.6851400706  E0 = -12265.685060997
cycle= 12 E= -12265.6849819233  delta_E= -0.00646  |g|= 0.204  |ddm|= 56.9
    sigma = 0.01  Optimized mu = -0.0566488665931  entropy = 0.0149819300387
    Total E(T) = -12265.6900411852  Free energy = -12265.6901910045  E0 = -12265.6901160949
cycle= 13 E= -12265.6900411852  delta_E= -0.00506  |g|= 0.192  |ddm|= 72.7
    sigma = 0.01  Optimized mu = -0.0562986985798  entropy = 0.0143708672336
    Total E(T) = -12265.6940279986  Free energy = -12265.6941717073  E0 = -12265.6940998529
cycle= 14 E= -12265.6940279986  delta_E= -0.00399  |g|=  0.2  |ddm|= 53.5
    sigma = 0.01  Optimized mu = -0.0555598390599  entropy = 0.0138230940724
    Total E(T) = -12265.6986758106  Free energy = -12265.6988140415  E0 = -12265.698744926
cycle= 15 E= -12265.6986758106  delta_E= -0.00465  |g|= 0.137  |ddm|= 59.3
    sigma = 0.01  Optimized mu = -0.0556017713518  entropy = 0.0133404986263
    Total E(T) = -12265.7026028907  Free energy = -12265.7027362957  E0 = -12265.7026695932
cycle= 16 E= -12265.7026028907  delta_E= -0.00393  |g|= 0.0644  |ddm|= 87.8
    sigma = 0.01  Optimized mu = -0.0552451798827  entropy = 0.0130666979965
    Total E(T) = -12265.7050966927  Free energy = -12265.7052273597  E0 = -12265.7051620262
cycle= 17 E= -12265.7050966927  delta_E= -0.00249  |g|= 0.0493  |ddm|= 46.8
    sigma = 0.01  Optimized mu = -0.0553384521417  entropy = 0.012803935321
    Total E(T) = -12265.7071599918  Free energy = -12265.7072880312  E0 = -12265.7072240115
cycle= 18 E= -12265.7071599918  delta_E= -0.00206  |g|= 0.0501  |ddm|=   28
    sigma = 0.01  Optimized mu = -0.0552678065103  entropy = 0.0125721065776
    Total E(T) = -12265.7091448948  Free energy = -12265.7092706159  E0 = -12265.7092077553
cycle= 19 E= -12265.7091448948  delta_E= -0.00198  |g|= 0.0478  |ddm|= 25.5
    sigma = 0.01  Optimized mu = -0.0553022573902  entropy = 0.0123391905198
    Total E(T) = -12265.7110545978  Free energy = -12265.7111779897  E0 = -12265.7111162938
cycle= 20 E= -12265.7110545978  delta_E= -0.00191  |g|= 0.0385  |ddm|= 25.4
    sigma = 0.01  Optimized mu = -0.0552972264704  entropy = 0.0120952236343
    Total E(T) = -12265.7128431643  Free energy = -12265.7129641165  E0 = -12265.7129036404
cycle= 21 E= -12265.7128431643  delta_E= -0.00179  |g|= 0.033  |ddm|= 22.2
    sigma = 0.01  Optimized mu = -0.0551407289262  entropy = 0.0118717089999
    Total E(T) = -12265.7145552941  Free energy = -12265.7146740112  E0 = -12265.7146146526
cycle= 22 E= -12265.7145552941  delta_E= -0.00171  |g|= 0.0338  |ddm|= 21.8
    sigma = 0.01  Optimized mu = -0.0551819771651  entropy = 0.0116961882711
    Total E(T) = -12265.716241242  Free energy = -12265.7163582038  E0 = -12265.7162997229
cycle= 23 E= -12265.716241242  delta_E= -0.00169  |g|= 0.024  |ddm|= 21.7
    sigma = 0.01  Optimized mu = -0.0549330058155  entropy = 0.0115079776931
    Total E(T) = -12265.7178347705  Free energy = -12265.7179498503  E0 = -12265.7178923104
cycle= 24 E= -12265.7178347705  delta_E= -0.00159  |g|= 0.0229  |ddm|= 22.1
    sigma = 0.01  Optimized mu = -0.0549528242172  entropy = 0.011320264072
    Total E(T) = -12265.7193987446  Free energy = -12265.7195119473  E0 = -12265.719455346
cycle= 25 E= -12265.7193987446  delta_E= -0.00156  |g|= 0.0152  |ddm|= 20.2
    sigma = 0.01  Optimized mu = -0.0548271978861  entropy = 0.0111510308092
    Total E(T) = -12265.7208647757  Free energy = -12265.720976286  E0 = -12265.7209205308
cycle= 26 E= -12265.7208647757  delta_E= -0.00147  |g|= 0.0225  |ddm|= 25.1
    sigma = 0.01  Optimized mu = -0.054822697299  entropy = 0.010995408183
    Total E(T) = -12265.722261202  Free energy = -12265.7223711561  E0 = -12265.722316179
cycle= 27 E= -12265.722261202  delta_E= -0.0014  |g|= 0.0216  |ddm|= 23.6
    sigma = 0.01  Optimized mu = -0.0547861049276  entropy = 0.0108487068298
    Total E(T) = -12265.7235448294  Free energy = -12265.7236533165  E0 = -12265.723599073
cycle= 28 E= -12265.7235448294  delta_E= -0.00128  |g|= 0.028  |ddm|= 21.9
    sigma = 0.01  Optimized mu = -0.0546567979846  entropy = 0.0107184268823
    Total E(T) = -12265.7248696344  Free energy = -12265.7249768186  E0 = -12265.7249232265
cycle= 29 E= -12265.7248696344  delta_E= -0.00132  |g|= 0.0231  |ddm|= 21.7
    sigma = 0.01  Optimized mu = -0.0547422067533  entropy = 0.0106043962872
    Total E(T) = -12265.7260687263  Free energy = -12265.7261747702  E0 = -12265.7261217483
cycle= 30 E= -12265.7260687263  delta_E= -0.0012  |g|= 0.0238  |ddm|=   21
    sigma = 0.01  Optimized mu = -0.0547028930113  entropy = 0.0104923450435
    Total E(T) = -12265.7271697763  Free energy = -12265.7272746998  E0 = -12265.7272222381
cycle= 31 E= -12265.7271697763  delta_E= -0.0011  |g|= 0.032  |ddm|= 25.3
    sigma = 0.01  Optimized mu = -0.0544911858907  entropy = 0.0103827787714
    Total E(T) = -12265.7281682463  Free energy = -12265.7282720741  E0 = -12265.7282201602
cycle= 32 E= -12265.7281682463  delta_E= -0.000998  |g|= 0.0425  |ddm|= 36.4
    sigma = 0.01  Optimized mu = -0.0544494074442  entropy = 0.0103087388256
    Total E(T) = -12265.7290569927  Free energy = -12265.7291600801  E0 = -12265.7291085364
cycle= 33 E= -12265.7290569927  delta_E= -0.000889  |g|= 0.0438  |ddm|= 25.9
    sigma = 0.01  Optimized mu = -0.0543852746691  entropy = 0.0102257699898
    Total E(T) = -12265.7301657941  Free energy = -12265.7302680518  E0 = -12265.7302169229
cycle= 34 E= -12265.7301657941  delta_E= -0.00111  |g|= 0.0312  |ddm|= 24.9
    sigma = 0.01  Optimized mu = -0.054331782447  entropy = 0.010133477837
    Total E(T) = -12265.7309776259  Free energy = -12265.7310789607  E0 = -12265.7310282933
cycle= 35 E= -12265.7309776259  delta_E= -0.000812  |g|= 0.0406  |ddm|= 22.5
    sigma = 0.01  Optimized mu = -0.0544011717633  entropy = 0.0100779111799
    Total E(T) = -12265.7316909929  Free energy = -12265.731791772  E0 = -12265.7317413824
cycle= 36 E= -12265.7316909929  delta_E= -0.000713  |g|= 0.0447  |ddm|= 19.9
    sigma = 0.01  Optimized mu = -0.0543660548064  entropy = 0.0100081726269
    Total E(T) = -12265.7324441844  Free energy = -12265.7325442662  E0 = -12265.7324942253
cycle= 37 E= -12265.7324441844  delta_E= -0.000753  |g|= 0.0442  |ddm|= 16.4
    sigma = 0.01  Optimized mu = -0.0542840498897  entropy = 0.00995346533616
    Total E(T) = -12265.7331100131  Free energy = -12265.7332095478  E0 = -12265.7331597804
cycle= 38 E= -12265.7331100131  delta_E= -0.000666  |g|= 0.0466  |ddm|= 15.7
    sigma = 0.01  Optimized mu = -0.0542108082152  entropy = 0.0098866685614
    Total E(T) = -12265.7338208529  Free energy = -12265.7339197196  E0 = -12265.7338702863
cycle= 39 E= -12265.7338208529  delta_E= -0.000711  |g|= 0.0401  |ddm|= 14.6
    sigma = 0.01  Optimized mu = -0.0541416092804  entropy = 0.0098395185633
    Total E(T) = -12265.7344355979  Free energy = -12265.7345339931  E0 = -12265.7344847955
cycle= 40 E= -12265.7344355979  delta_E= -0.000615  |g|= 0.0427  |ddm|= 25.4
    sigma = 0.01  Optimized mu = -0.0541819549969  entropy = 0.0097584915218
    Total E(T) = -12265.7350725457  Free energy = -12265.7351701306  E0 = -12265.7351213381
cycle= 41 E= -12265.7350725457  delta_E= -0.000637  |g|= 0.0376  |ddm|= 14.8
    sigma = 0.01  Optimized mu = -0.0542202515445  entropy = 0.00973234831021
    Total E(T) = -12265.7356872769  Free energy = -12265.7357846004  E0 = -12265.7357359387
cycle= 42 E= -12265.7356872769  delta_E= -0.000615  |g|= 0.0296  |ddm|= 12.4
    sigma = 0.01  Optimized mu = -0.0541329295587  entropy = 0.00969304356562
    Total E(T) = -12265.7361915983  Free energy = -12265.7362885288  E0 = -12265.7362400635
cycle= 43 E= -12265.7361915983  delta_E= -0.000504  |g|= 0.0312  |ddm|= 15.7
    sigma = 0.01  Optimized mu = -0.0543135212301  entropy = 0.00966036299167
    Total E(T) = -12265.7365174761  Free energy = -12265.7366140797  E0 = -12265.7365657779
cycle= 44 E= -12265.7365174761  delta_E= -0.000326  |g|= 0.0435  |ddm|= 21.8
    sigma = 0.01  Optimized mu = -0.0541020730354  entropy = 0.00962179618728
    Total E(T) = -12265.7369455614  Free energy = -12265.7370417794  E0 = -12265.7369936704
cycle= 45 E= -12265.7369455614  delta_E= -0.000428  |g|= 0.0436  |ddm|= 14.6
    sigma = 0.01  Optimized mu = -0.0540883264542  entropy = 0.0095723698615
    Total E(T) = -12265.7373336248  Free energy = -12265.7374293485  E0 = -12265.7373814866
cycle= 46 E= -12265.7373336248  delta_E= -0.000388  |g|= 0.0454  |ddm|= 16.1
    sigma = 0.01  Optimized mu = -0.0540772016699  entropy = 0.00955011427913
    Total E(T) = -12265.737702324  Free energy = -12265.7377978252  E0 = -12265.7377500746
cycle= 47 E= -12265.737702324  delta_E= -0.000369  |g|= 0.0461  |ddm|=   12
    sigma = 0.01  Optimized mu = -0.0540657049404  entropy = 0.00951598134174
    Total E(T) = -12265.7380758288  Free energy = -12265.7381709886  E0 = -12265.7381234087
cycle= 48 E= -12265.7380758288  delta_E= -0.000374  |g|= 0.0441  |ddm|= 10.8
    sigma = 0.01  Optimized mu = -0.0540494466743  entropy = 0.00948395217233
    Total E(T) = -12265.738417882  Free energy = -12265.7385127215  E0 = -12265.7384653017
cycle= 49 E= -12265.738417882  delta_E= -0.000342  |g|= 0.0566  |ddm|= 21.9
    sigma = 0.01  Optimized mu = -0.0541119147957  entropy = 0.00945423067593
    Total E(T) = -12265.7387725582  Free energy = -12265.7388671005  E0 = -12265.7388198294
cycle= 50 E= -12265.7387725582  delta_E= -0.000355  |g|= 0.0491  |ddm|=   20
SCF not converged.
SCF energy = -12265.7387725582
=== Python finished ===

All done.
