The following modules were not unloaded:
  (Use "module --force purge" to unload all):

  1) xalt/2.10.45
sstat: error: Invalid field requested: "Tasks"
sstat: error: Invalid field requested: "Tasks"
sstat: error: Invalid field requested: "Tasks"
sstat: error: Invalid field requested: "Tasks"
sstat: error: Invalid field requested: "Tasks"
sstat: error: Invalid field requested: "Tasks"
sstat: error: Invalid field requested: "Tasks"
sstat: error: Invalid field requested: "Tasks"
sstat: error: Invalid field requested: "Tasks"
sstat: error: Invalid field requested: "Tasks"
sstat: error: Invalid field requested: "Tasks"
sstat: error: Invalid field requested: "Tasks"
sstat: error: Invalid field requested: "Tasks"
sstat: error: Invalid field requested: "Tasks"
sstat: error: Invalid field requested: "Tasks"
sstat: error: Invalid field requested: "Tasks"
sstat: error: Invalid field requested: "Tasks"
sstat: error: Invalid field requested: "Tasks"
sstat: error: Invalid field requested: "Tasks"
sstat: error: Invalid field requested: "Tasks"
sstat: error: Invalid field requested: "Tasks"
sstat: error: Invalid field requested: "Tasks"
sstat: error: Invalid field requested: "Tasks"
sstat: error: Invalid field requested: "Tasks"
sstat: error: Invalid field requested: "Tasks"
sstat: error: Invalid field requested: "Tasks"
sstat: error: Invalid field requested: "Tasks"
sstat: error: Invalid field requested: "Tasks"
sstat: error: Invalid field requested: "Tasks"
sstat: error: Invalid field requested: "Tasks"
sstat: error: Invalid field requested: "Tasks"
sstat: error: Invalid field requested: "Tasks"
sstat: error: Invalid field requested: "Tasks"
sstat: error: Invalid field requested: "Tasks"
sstat: error: Invalid field requested: "Tasks"
sstat: error: Invalid field requested: "Tasks"
sstat: error: Invalid field requested: "Tasks"
sstat: error: Invalid field requested: "Tasks"
sstat: error: Invalid field requested: "Tasks"
sstat: error: Invalid field requested: "Tasks"
sstat: error: Invalid field requested: "Tasks"
sstat: error: Invalid field requested: "Tasks"
sstat: error: Invalid field requested: "Tasks"
sstat: error: Invalid field requested: "Tasks"
sstat: error: Invalid field requested: "Tasks"
sstat: error: Invalid field requested: "Tasks"
sstat: error: Invalid field requested: "Tasks"
sstat: error: Invalid field requested: "Tasks"
sstat: error: Invalid field requested: "Tasks"
sstat: error: Invalid field requested: "Tasks"
sstat: error: Invalid field requested: "Tasks"
sstat: error: Invalid field requested: "Tasks"
sstat: error: Invalid field requested: "Tasks"
sstat: error: Invalid field requested: "Tasks"
sstat: error: Invalid field requested: "Tasks"
sstat: error: Invalid field requested: "Tasks"
sstat: error: Invalid field requested: "Tasks"
sstat: error: Invalid field requested: "Tasks"
sstat: error: Invalid field requested: "Tasks"
sstat: error: Invalid field requested: "Tasks"
sstat: error: Invalid field requested: "Tasks"
sstat: error: Invalid field requested: "Tasks"
sstat: error: Invalid field requested: "Tasks"
sstat: error: Invalid field requested: "Tasks"
sstat: error: Invalid field requested: "Tasks"
sstat: error: Invalid field requested: "Tasks"
sstat: error: Invalid field requested: "Tasks"
sstat: error: Invalid field requested: "Tasks"
sstat: error: Invalid field requested: "Tasks"
sstat: error: Invalid field requested: "Tasks"
sstat: error: Invalid field requested: "Tasks"
sstat: error: Invalid field requested: "Tasks"
sstat: error: Invalid field requested: "Tasks"
sstat: error: Invalid field requested: "Tasks"
sstat: error: Invalid field requested: "Tasks"
sstat: error: Invalid field requested: "Tasks"
sstat: error: Invalid field requested: "Tasks"
sstat: error: Invalid field requested: "Tasks"
sstat: error: Invalid field requested: "Tasks"
sstat: error: Invalid field requested: "Tasks"
sstat: error: Invalid field requested: "Tasks"
sstat: error: Invalid field requested: "Tasks"
sstat: error: Invalid field requested: "Tasks"
sstat: error: Invalid field requested: "Tasks"
sstat: error: Invalid field requested: "Tasks"
sstat: error: Invalid field requested: "Tasks"
sstat: error: Invalid field requested: "Tasks"
sstat: error: Invalid field requested: "Tasks"
sstat: error: Invalid field requested: "Tasks"
sstat: error: Invalid field requested: "Tasks"
sstat: error: Invalid field requested: "Tasks"
sstat: error: Invalid field requested: "Tasks"
sstat: error: Invalid field requested: "Tasks"
sstat: error: Invalid field requested: "Tasks"
sstat: error: Invalid field requested: "Tasks"
sstat: error: Invalid field requested: "Tasks"
sstat: error: Invalid field requested: "Tasks"
sstat: error: Invalid field requested: "Tasks"
sstat: error: Invalid field requested: "Tasks"
sstat: error: Invalid field requested: "Tasks"
sstat: error: Invalid field requested: "Tasks"
sstat: error: Invalid field requested: "Tasks"
sstat: error: Invalid field requested: "Tasks"
sstat: error: Invalid field requested: "Tasks"
sstat: error: Invalid field requested: "Tasks"
sstat: error: Invalid field requested: "Tasks"
sstat: error: Invalid field requested: "Tasks"
sstat: error: Invalid field requested: "Tasks"
sstat: error: Invalid field requested: "Tasks"
sstat: error: Invalid field requested: "Tasks"
sstat: error: Invalid field requested: "Tasks"
sstat: error: Invalid field requested: "Tasks"
sstat: error: Invalid field requested: "Tasks"
sstat: error: Invalid field requested: "Tasks"
sstat: error: Invalid field requested: "Tasks"
sstat: error: Invalid field requested: "Tasks"
sstat: error: Invalid field requested: "Tasks"
sstat: error: Invalid field requested: "Tasks"
sstat: error: Invalid field requested: "Tasks"
sstat: error: Invalid field requested: "Tasks"
sstat: error: Invalid field requested: "Tasks"
sstat: error: Invalid field requested: "Tasks"
sstat: error: Invalid field requested: "Tasks"
sstat: error: Invalid field requested: "Tasks"
sstat: error: Invalid field requested: "Tasks"
sstat: error: Invalid field requested: "Tasks"
sstat: error: Invalid field requested: "Tasks"
sstat: error: Invalid field requested: "Tasks"
sstat: error: Invalid field requested: "Tasks"
sstat: error: Invalid field requested: "Tasks"
sstat: error: Invalid field requested: "Tasks"
sstat: error: Invalid field requested: "Tasks"
sstat: error: Invalid field requested: "Tasks"
sstat: error: Invalid field requested: "Tasks"
sstat: error: Invalid field requested: "Tasks"
sstat: error: Invalid field requested: "Tasks"
sstat: error: Invalid field requested: "Tasks"
sstat: error: Invalid field requested: "Tasks"
sstat: error: Invalid field requested: "Tasks"
sstat: error: Invalid field requested: "Tasks"
sstat: error: Invalid field requested: "Tasks"
sstat: error: Invalid field requested: "Tasks"
sstat: error: Invalid field requested: "Tasks"
sstat: error: Invalid field requested: "Tasks"
sstat: error: Invalid field requested: "Tasks"
sstat: error: Invalid field requested: "Tasks"
sstat: error: Invalid field requested: "Tasks"
sstat: error: Invalid field requested: "Tasks"
sstat: error: Invalid field requested: "Tasks"
sstat: error: Invalid field requested: "Tasks"
sstat: error: Invalid field requested: "Tasks"
sstat: error: Invalid field requested: "Tasks"
sstat: error: Invalid field requested: "Tasks"
sstat: error: Invalid field requested: "Tasks"
sstat: error: Invalid field requested: "Tasks"
sstat: error: Invalid field requested: "Tasks"
sstat: error: Invalid field requested: "Tasks"
sstat: error: Invalid field requested: "Tasks"
sstat: error: Invalid field requested: "Tasks"
sstat: error: Invalid field requested: "Tasks"
sstat: error: Invalid field requested: "Tasks"
sstat: error: Invalid field requested: "Tasks"
sstat: error: Invalid field requested: "Tasks"
sstat: error: Invalid field requested: "Tasks"
sstat: error: Invalid field requested: "Tasks"
sstat: error: Invalid field requested: "Tasks"
sstat: error: Invalid field requested: "Tasks"
sstat: error: Invalid field requested: "Tasks"
sstat: error: Invalid field requested: "Tasks"
sstat: error: Invalid field requested: "Tasks"
sstat: error: Invalid field requested: "Tasks"
sstat: error: Invalid field requested: "Tasks"
sstat: error: Invalid field requested: "Tasks"
sstat: error: Invalid field requested: "Tasks"
sstat: error: Invalid field requested: "Tasks"
sstat: error: Invalid field requested: "Tasks"
sstat: error: Invalid field requested: "Tasks"
sstat: error: Invalid field requested: "Tasks"
sstat: error: Invalid field requested: "Tasks"
sstat: error: Invalid field requested: "Tasks"
sstat: error: Invalid field requested: "Tasks"
sstat: error: Invalid field requested: "Tasks"
sstat: error: Invalid field requested: "Tasks"
sstat: error: Invalid field requested: "Tasks"
sstat: error: Invalid field requested: "Tasks"
sstat: error: Invalid field requested: "Tasks"
sstat: error: Invalid field requested: "Tasks"
sstat: error: Invalid field requested: "Tasks"
sstat: error: Invalid field requested: "Tasks"
sstat: error: Invalid field requested: "Tasks"
sstat: error: Invalid field requested: "Tasks"
sstat: error: Invalid field requested: "Tasks"
sstat: error: Invalid field requested: "Tasks"
sstat: error: Invalid field requested: "Tasks"
sstat: error: Invalid field requested: "Tasks"
sstat: error: Invalid field requested: "Tasks"
sstat: error: Invalid field requested: "Tasks"
sstat: error: Invalid field requested: "Tasks"
sstat: error: Invalid field requested: "Tasks"
sstat: error: Invalid field requested: "Tasks"
sstat: error: Invalid field requested: "Tasks"
sstat: error: Invalid field requested: "Tasks"
sstat: error: Invalid field requested: "Tasks"
sstat: error: Invalid field requested: "Tasks"
sstat: error: Invalid field requested: "Tasks"
sstat: error: Invalid field requested: "Tasks"
sstat: error: Invalid field requested: "Tasks"
sstat: error: Invalid field requested: "Tasks"
sstat: error: Invalid field requested: "Tasks"
sstat: error: Invalid field requested: "Tasks"
sstat: error: Invalid field requested: "Tasks"
sstat: error: Invalid field requested: "Tasks"
sstat: error: Invalid field requested: "Tasks"
sstat: error: Invalid field requested: "Tasks"
sstat: error: Invalid field requested: "Tasks"
sstat: error: Invalid field requested: "Tasks"
sstat: error: Invalid field requested: "Tasks"
sstat: error: Invalid field requested: "Tasks"
sstat: error: Invalid field requested: "Tasks"
sstat: error: Invalid field requested: "Tasks"
sstat: error: Invalid field requested: "Tasks"
sstat: error: Invalid field requested: "Tasks"
sstat: error: Invalid field requested: "Tasks"
sstat: error: Invalid field requested: "Tasks"
sstat: error: Invalid field requested: "Tasks"
sstat: error: Invalid field requested: "Tasks"
sstat: error: Invalid field requested: "Tasks"
sstat: error: Invalid field requested: "Tasks"
sstat: error: Invalid field requested: "Tasks"
sstat: error: Invalid field requested: "Tasks"
sstat: error: Invalid field requested: "Tasks"
sstat: error: Invalid field requested: "Tasks"
sstat: error: Invalid field requested: "Tasks"
sstat: error: Invalid field requested: "Tasks"
sstat: error: Invalid field requested: "Tasks"
sstat: error: Invalid field requested: "Tasks"
sstat: error: Invalid field requested: "Tasks"
sstat: error: Invalid field requested: "Tasks"
sstat: error: Invalid field requested: "Tasks"
sstat: error: Invalid field requested: "Tasks"
sstat: error: Invalid field requested: "Tasks"
sstat: error: Invalid field requested: "Tasks"
sstat: error: Invalid field requested: "Tasks"
sstat: error: Invalid field requested: "Tasks"
sstat: error: Invalid field requested: "Tasks"
sstat: error: Invalid field requested: "Tasks"
sstat: error: Invalid field requested: "Tasks"
sstat: error: Invalid field requested: "Tasks"
sstat: error: Invalid field requested: "Tasks"
sstat: error: Invalid field requested: "Tasks"
sstat: error: Invalid field requested: "Tasks"
sstat: error: Invalid field requested: "Tasks"
sstat: error: Invalid field requested: "Tasks"
sstat: error: Invalid field requested: "Tasks"
sstat: error: Invalid field requested: "Tasks"
sstat: error: Invalid field requested: "Tasks"
sstat: error: Invalid field requested: "Tasks"
sstat: error: Invalid field requested: "Tasks"
sstat: error: Invalid field requested: "Tasks"
sstat: error: Invalid field requested: "Tasks"
sstat: error: Invalid field requested: "Tasks"
sstat: error: Invalid field requested: "Tasks"
sstat: error: Invalid field requested: "Tasks"
sstat: error: Invalid field requested: "Tasks"
sstat: error: Invalid field requested: "Tasks"
sstat: error: Invalid field requested: "Tasks"
sstat: error: Invalid field requested: "Tasks"
sstat: error: Invalid field requested: "Tasks"
sstat: error: Invalid field requested: "Tasks"
sstat: error: Invalid field requested: "Tasks"
sstat: error: Invalid field requested: "Tasks"
sstat: error: Invalid field requested: "Tasks"
sstat: error: Invalid field requested: "Tasks"
sstat: error: Invalid field requested: "Tasks"
sstat: error: Invalid field requested: "Tasks"
sstat: error: Invalid field requested: "Tasks"
sstat: error: Invalid field requested: "Tasks"
sstat: error: Invalid field requested: "Tasks"
/var/spool/slurm/job13746675/slurm_script: line 83: 748787 Terminated              monitor
