The following modules were not unloaded:
  (Use "module --force purge" to unload all):

  1) xalt/2.10.45
lmod: xalt was automatically unloaded
sstat: error: Invalid field requested: "Tasks"
<class 'pyscf.scf.addons.SmearingDFROKS'> does not have attributes  max_stepsize
sstat: error: Invalid field requested: "Tasks"
sstat: error: Invalid field requested: "Tasks"
sstat: error: Invalid field requested: "Tasks"
sstat: error: Invalid field requested: "Tasks"
sstat: error: Invalid field requested: "Tasks"
sstat: error: Invalid field requested: "Tasks"
sstat: error: Invalid field requested: "Tasks"
sstat: error: Invalid field requested: "Tasks"
sstat: error: Invalid field requested: "Tasks"
sstat: error: Invalid field requested: "Tasks"
sstat: error: Invalid field requested: "Tasks"
sstat: error: Invalid field requested: "Tasks"
sstat: error: Invalid field requested: "Tasks"
sstat: error: Invalid field requested: "Tasks"
sstat: error: Invalid field requested: "Tasks"
sstat: error: Invalid field requested: "Tasks"
sstat: error: Invalid field requested: "Tasks"
sstat: error: Invalid field requested: "Tasks"
sstat: error: Invalid field requested: "Tasks"
sstat: error: Invalid field requested: "Tasks"
sstat: error: Invalid field requested: "Tasks"
sstat: error: Invalid field requested: "Tasks"
sstat: error: Invalid field requested: "Tasks"
sstat: error: Invalid field requested: "Tasks"
sstat: error: Invalid field requested: "Tasks"
sstat: error: Invalid field requested: "Tasks"
sstat: error: Invalid field requested: "Tasks"
sstat: error: Invalid field requested: "Tasks"
sstat: error: Invalid field requested: "Tasks"
sstat: error: Invalid field requested: "Tasks"
sstat: error: Invalid field requested: "Tasks"
sstat: error: Invalid field requested: "Tasks"
sstat: error: Invalid field requested: "Tasks"
sstat: error: Invalid field requested: "Tasks"
sstat: error: Invalid field requested: "Tasks"
sstat: error: Invalid field requested: "Tasks"
sstat: error: Invalid field requested: "Tasks"
sstat: error: Invalid field requested: "Tasks"
sstat: error: Invalid field requested: "Tasks"
sstat: error: Invalid field requested: "Tasks"
sstat: error: Invalid field requested: "Tasks"
sstat: error: Invalid field requested: "Tasks"
sstat: error: Invalid field requested: "Tasks"
sstat: error: Invalid field requested: "Tasks"
sstat: error: Invalid field requested: "Tasks"
sstat: error: Invalid field requested: "Tasks"
sstat: error: Invalid field requested: "Tasks"
sstat: error: Invalid field requested: "Tasks"
sstat: error: Invalid field requested: "Tasks"
sstat: error: Invalid field requested: "Tasks"
sstat: error: Invalid field requested: "Tasks"
sstat: error: Invalid field requested: "Tasks"
sstat: error: Invalid field requested: "Tasks"
sstat: error: Invalid field requested: "Tasks"
sstat: error: Invalid field requested: "Tasks"
sstat: error: Invalid field requested: "Tasks"
sstat: error: Invalid field requested: "Tasks"
sstat: error: Invalid field requested: "Tasks"
sstat: error: Invalid field requested: "Tasks"
sstat: error: Invalid field requested: "Tasks"
sstat: error: Invalid field requested: "Tasks"
sstat: error: Invalid field requested: "Tasks"
sstat: error: Invalid field requested: "Tasks"
sstat: error: Invalid field requested: "Tasks"
sstat: error: Invalid field requested: "Tasks"
sstat: error: Invalid field requested: "Tasks"
sstat: error: Invalid field requested: "Tasks"
sstat: error: Invalid field requested: "Tasks"
sstat: error: Invalid field requested: "Tasks"
	Command being timed: "srun --cpu-bind=cores python -u alcluster.py"
	User time (seconds): 0.00
	System time (seconds): 0.01
	Percent of CPU this job got: 0%
	Elapsed (wall clock) time (h:mm:ss or m:ss): 1:09:48
	Average shared text size (kbytes): 0
	Average unshared data size (kbytes): 0
	Average stack size (kbytes): 0
	Average total size (kbytes): 0
	Maximum resident set size (kbytes): 7132
	Average resident set size (kbytes): 0
	Major (requiring I/O) page faults: 0
	Minor (reclaiming a frame) page faults: 1326
	Voluntary context switches: 204
	Involuntary context switches: 4
	Swaps: 0
	File system inputs: 0
	File system outputs: 0
	Socket messages sent: 0
	Socket messages received: 0
	Signals delivered: 0
	Page size (bytes): 4096
	Exit status: 0
/var/spool/slurm/job13814083/slurm_script: line 73: MON_PID: unbound variable
