

******** <class 'pyscf.scf.addons.SmearingDFUKS'> ********
method = SmearingDFUKS
initial guess = minao
damping factor = 0.15
level_shift factor = 0.5
DIIS = <class 'pyscf.scf.diis.CDIIS'>
diis_start_cycle = 1
diis_space = 12
diis_damp = 0
SCF conv_tol = 5e-05
SCF conv_tol_grad = None
SCF max_cycles = 200
direct_scf = True
direct_scf_tol = 1e-13
chkfile to save SCF result = dft.chk
max_memory 4000 MB (current use 185 MB)
number electrons alpha = 152  beta = 150
XC library pyscf.dft.libxc version 6.1.0
    S. Lehtola, C. Steigemann, M. J.T. Oliveira, and M. A.L. Marques.,  SoftwareX 7, 1–5 (2018)
XC functionals = PBE
    J. P. Perdew, K. Burke, and M. Ernzerhof.,  Phys. Rev. Lett. 77, 3865 (1996)
    J. P. Perdew, K. Burke, and M. Ernzerhof.,  Phys. Rev. Lett. 78, 1396 (1997)
    J. P. Perdew, K. Burke, and M. Ernzerhof.,  Phys. Rev. Lett. 77, 3865 (1996)
    J. P. Perdew, K. Burke, and M. Ernzerhof.,  Phys. Rev. Lett. 78, 1396 (1997)
radial grids: 
    Treutler-Ahlrichs [JCP 102, 346 (1995); DOI:10.1063/1.469408] (M4) radial grids
    
becke partition: Becke, JCP 88, 2547 (1988); DOI:10.1063/1.454033
pruning grids: <function nwchem_prune at 0x14e4a7434670>
grids dens level: 5
symmetrized grids: False
atomic radii adjust function: <function treutler_atomic_radii_adjust at 0x14e4a7a77d30>
small_rho_cutoff = 1e-07
Set gradient conv threshold to 0.00707107
tot grids = 991328
init E= -5480.0863353442
    sigma = 0.01  Optimized mu = 0.0281458801108  entropy = 3.43192864096e-07
    Total E(T) = -5480.20333294026  Free energy = -5480.20333294369  E0 = -5480.20333294197
cycle= 1 E= -5480.20333294026  delta_E= -0.117  |g|= 0.17  |ddm|= 2.97
    sigma = 0.01  Optimized mu = 0.0487095653621  entropy = 2.78223907141e-07
    Total E(T) = -5480.22576665875  Free energy = -5480.22576666154  E0 = -5480.22576666015
cycle= 2 E= -5480.22576665875  delta_E= -0.0224  |g|= 0.0836  |ddm|= 1.25
    sigma = 0.01  Optimized mu = 0.0423949571857  entropy = 4.27569119826e-07
    Total E(T) = -5480.23624178554  Free energy = -5480.23624178982  E0 = -5480.23624178768
cycle= 3 E= -5480.23624178554  delta_E= -0.0105  |g|= 0.0871  |ddm|= 0.649
    sigma = 0.01  Optimized mu = 0.0472953179399  entropy = 4.01299828199e-07
    Total E(T) = -5480.24299588294  Free energy = -5480.24299588695  E0 = -5480.24299588495
cycle= 4 E= -5480.24299588294  delta_E= -0.00675  |g|= 0.0418  |ddm|= 0.437
    sigma = 0.01  Optimized mu = 0.0474509637754  entropy = 3.52107434943e-07
    Total E(T) = -5480.2471198561  Free energy = -5480.24711985962  E0 = -5480.24711985786
cycle= 5 E= -5480.2471198561  delta_E= -0.00412  |g|= 0.0584  |ddm|= 0.297
    sigma = 0.01  Optimized mu = 0.0470027062209  entropy = 3.45108241972e-07
    Total E(T) = -5480.25025635465  Free energy = -5480.25025635811  E0 = -5480.25025635638
cycle= 6 E= -5480.25025635465  delta_E= -0.00314  |g|= 0.0309  |ddm|= 0.219
    sigma = 0.01  Optimized mu = 0.0463932172673  entropy = 3.79333712099e-07
    Total E(T) = -5480.25249970243  Free energy = -5480.25249970623  E0 = -5480.25249970433
cycle= 7 E= -5480.25249970243  delta_E= -0.00224  |g|= 0.0235  |ddm|= 0.173
    sigma = 0.01  Optimized mu = 0.0470570179972  entropy = 3.51841704359e-07
    Total E(T) = -5480.25418146073  Free energy = -5480.25418146425  E0 = -5480.25418146249
cycle= 8 E= -5480.25418146073  delta_E= -0.00168  |g|= 0.0221  |ddm|= 0.138
    sigma = 0.01  Optimized mu = 0.0470927813368  entropy = 3.48021109681e-07
    Total E(T) = -5480.25549581613  Free energy = -5480.25549581961  E0 = -5480.25549581787
cycle= 9 E= -5480.25549581613  delta_E= -0.00131  |g|= 0.0185  |ddm|= 0.11
    sigma = 0.01  Optimized mu = 0.0470214288739  entropy = 3.45838566176e-07
    Total E(T) = -5480.25654342607  Free energy = -5480.25654342953  E0 = -5480.2565434278
cycle= 10 E= -5480.25654342607  delta_E= -0.00105  |g|= 0.0207  |ddm|= 0.0916
    sigma = 0.01  Optimized mu = 0.0474791726842  entropy = 3.27805975714e-07
    Total E(T) = -5480.25743134574  Free energy = -5480.25743134902  E0 = -5480.25743134738
cycle= 11 E= -5480.25743134574  delta_E= -0.000888  |g|= 0.0185  |ddm|= 0.0779
    sigma = 0.01  Optimized mu = 0.0475738227289  entropy = 3.24975070416e-07
    Total E(T) = -5480.25820753219  Free energy = -5480.25820753543  E0 = -5480.25820753381
cycle= 12 E= -5480.25820753219  delta_E= -0.000776  |g|= 0.0171  |ddm|= 0.0654
    sigma = 0.01  Optimized mu = 0.0476180541253  entropy = 3.22435051051e-07
    Total E(T) = -5480.25891524895  Free energy = -5480.25891525217  E0 = -5480.25891525056
cycle= 13 E= -5480.25891524895  delta_E= -0.000708  |g|= 0.0161  |ddm|= 0.0568
    sigma = 0.01  Optimized mu = 0.0473081525626  entropy = 3.33707104557e-07
    Total E(T) = -5480.25960146629  Free energy = -5480.25960146963  E0 = -5480.25960146796
cycle= 14 E= -5480.25960146629  delta_E= -0.000686  |g|= 0.0154  |ddm|= 0.0513
    sigma = 0.01  Optimized mu = 0.0473468035891  entropy = 3.29189456449e-07
    Total E(T) = -5480.26029892869  Free energy = -5480.26029893198  E0 = -5480.26029893033
cycle= 15 E= -5480.26029892869  delta_E= -0.000697  |g|= 0.0154  |ddm|= 0.0483
    sigma = 0.01  Optimized mu = 0.0467263629423  entropy = 3.47616510665e-07
    Total E(T) = -5480.26105297831  Free energy = -5480.26105298179  E0 = -5480.26105298005
cycle= 16 E= -5480.26105297831  delta_E= -0.000754  |g|= 0.0181  |ddm|= 0.049
    sigma = 0.01  Optimized mu = 0.0463930886151  entropy = 3.59459590284e-07
    Total E(T) = -5480.26192246207  Free energy = -5480.26192246566  E0 = -5480.26192246387
cycle= 17 E= -5480.26192246207  delta_E= -0.000869  |g|= 0.0225  |ddm|= 0.0495
    sigma = 0.01  Optimized mu = 0.0467896391038  entropy = 3.37942095327e-07
    Total E(T) = -5480.26295249146  Free energy = -5480.26295249484  E0 = -5480.26295249315
cycle= 18 E= -5480.26295249146  delta_E= -0.00103  |g|= 0.0272  |ddm|= 0.0529
    sigma = 0.01  Optimized mu = 0.0470429945042  entropy = 3.27380731432e-07
    Total E(T) = -5480.26418798646  Free energy = -5480.26418798973  E0 = -5480.26418798809
cycle= 19 E= -5480.26418798646  delta_E= -0.00124  |g|= 0.0342  |ddm|= 0.0579
    sigma = 0.01  Optimized mu = 0.0498774650252  entropy = 2.29317079899e-07
    Total E(T) = -5480.26561638132  Free energy = -5480.26561638361  E0 = -5480.26561638247
cycle= 20 E= -5480.26561638132  delta_E= -0.00143  |g|= 0.0377  |ddm|= 0.0623
    sigma = 0.01  Optimized mu = 0.0545211500988  entropy = 1.34587729673e-07
    Total E(T) = -5480.26714396934  Free energy = -5480.26714397068  E0 = -5480.26714397001
cycle= 21 E= -5480.26714396934  delta_E= -0.00153  |g|= 0.0373  |ddm|= 0.0631
    sigma = 0.01  Optimized mu = 0.0596238862068  entropy = 7.41879284851e-08
    Total E(T) = -5480.26862673913  Free energy = -5480.26862673987  E0 = -5480.2686267395
cycle= 22 E= -5480.26862673913  delta_E= -0.00148  |g|= 0.0319  |ddm|= 0.0635
    sigma = 0.01  Optimized mu = 0.0625645659671  entropy = 5.18724640401e-08
    Total E(T) = -5480.26997642973  Free energy = -5480.26997643025  E0 = -5480.26997642999
cycle= 23 E= -5480.26997642973  delta_E= -0.00135  |g|= 0.0321  |ddm|= 0.059
    sigma = 0.01  Optimized mu = 0.0695717369155  entropy = 2.35768896826e-08
    Total E(T) = -5480.27104455679  Free energy = -5480.27104455702  E0 = -5480.27104455691
cycle= 24 E= -5480.27104455679  delta_E= -0.00107  |g|= 0.0267  |ddm|= 0.0577
    sigma = 0.01  Optimized mu = 0.0703235361783  entropy = 2.15456144764e-08
    Total E(T) = -5480.271980101  Free energy = -5480.27198010122  E0 = -5480.27198010111
cycle= 25 E= -5480.271980101  delta_E= -0.000936  |g|= 0.0273  |ddm|= 0.0496
    sigma = 0.01  Optimized mu = 0.0695090363213  entropy = 2.37673648103e-08
    Total E(T) = -5480.27283161399  Free energy = -5480.27283161423  E0 = -5480.27283161411
cycle= 26 E= -5480.27283161399  delta_E= -0.000852  |g|= 0.035  |ddm|= 0.0529
    sigma = 0.01  Optimized mu = 0.0706016254977  entropy = 2.12101214752e-08
    Total E(T) = -5480.27350347199  Free energy = -5480.2735034722  E0 = -5480.2735034721
cycle= 27 E= -5480.27350347199  delta_E= -0.000672  |g|= 0.0406  |ddm|= 0.0513
    sigma = 0.01  Optimized mu = 0.0673627131009  entropy = 2.99427146351e-08
    Total E(T) = -5480.27371307438  Free energy = -5480.27371307468  E0 = -5480.27371307453
cycle= 28 E= -5480.27371307438  delta_E= -0.00021  |g|= 0.0661  |ddm|= 0.0647
    sigma = 0.01  Optimized mu = 0.0689331231474  entropy = 2.51478873812e-08
    Total E(T) = -5480.27347950363  Free energy = -5480.27347950388  E0 = -5480.27347950376
cycle= 29 E= -5480.27347950363  delta_E= 0.000234  |g|= 0.0853  |ddm|= 0.0617
    sigma = 0.01  Optimized mu = 0.0694651626587  entropy = 2.31821532897e-08
    Total E(T) = -5480.27259696839  Free energy = -5480.27259696863  E0 = -5480.27259696851
cycle= 30 E= -5480.27259696839  delta_E= 0.000883  |g|= 0.113  |ddm|= 0.0629
    sigma = 0.01  Optimized mu = 0.0706585449544  entropy = 1.99751797923e-08
    Total E(T) = -5480.27110926538  Free energy = -5480.27110926558  E0 = -5480.27110926548
cycle= 31 E= -5480.27110926538  delta_E= 0.00149  |g|= 0.129  |ddm|= 0.0627
    sigma = 0.01  Optimized mu = 0.0784703688995  entropy = 8.0510812904e-09
    Total E(T) = -5480.27147971351  Free energy = -5480.27147971359  E0 = -5480.27147971355
cycle= 32 E= -5480.27147971351  delta_E= -0.00037  |g|= 0.103  |ddm|= 0.0533
    sigma = 0.01  Optimized mu = 0.0787285822146  entropy = 7.38158979444e-09
    Total E(T) = -5480.27142685171  Free energy = -5480.27142685178  E0 = -5480.27142685174
cycle= 33 E= -5480.27142685171  delta_E= 5.29e-05  |g|= 0.101  |ddm|= 0.0526
    sigma = 0.01  Optimized mu = 0.0801049449462  entropy = 6.69009872572e-09
    Total E(T) = -5480.27136964594  Free energy = -5480.27136964601  E0 = -5480.27136964598
cycle= 34 E= -5480.27136964594  delta_E= 5.72e-05  |g|= 0.0951  |ddm|= 0.0378
    sigma = 0.01  Optimized mu = 0.0803341604538  entropy = 6.39967537466e-09
    Total E(T) = -5480.27119626154  Free energy = -5480.2711962616  E0 = -5480.27119626157
cycle= 35 E= -5480.27119626154  delta_E= 0.000173  |g|= 0.0974  |ddm|= 0.0299
    sigma = 0.01  Optimized mu = 0.0810822926629  entropy = 5.80237565685e-09
    Total E(T) = -5480.27133323138  Free energy = -5480.27133323144  E0 = -5480.27133323141
cycle= 36 E= -5480.27133323138  delta_E= -0.000137  |g|= 0.0947  |ddm|= 0.0277
    sigma = 0.01  Optimized mu = 0.0809114014046  entropy = 6.0045700454e-09
    Total E(T) = -5480.27110425001  Free energy = -5480.27110425007  E0 = -5480.27110425004
cycle= 37 E= -5480.27110425001  delta_E= 0.000229  |g|= 0.106  |ddm|= 0.0255
    sigma = 0.01  Optimized mu = 0.081578037961  entropy = 5.50543515597e-09
    Total E(T) = -5480.27132426917  Free energy = -5480.27132426922  E0 = -5480.27132426919
cycle= 38 E= -5480.27132426917  delta_E= -0.00022  |g|= 0.0921  |ddm|= 0.024
    sigma = 0.01  Optimized mu = 0.0815771322935  entropy = 5.5454385525e-09
    Total E(T) = -5480.27132809823  Free energy = -5480.27132809829  E0 = -5480.27132809826
cycle= 39 E= -5480.27132809823  delta_E= -3.83e-06  |g|= 0.0931  |ddm|= 0.0214
    sigma = 0.01  Optimized mu = 0.081434304507  entropy = 5.58680599227e-09
    Total E(T) = -5480.27122914715  Free energy = -5480.27122914721  E0 = -5480.27122914718
cycle= 40 E= -5480.27122914715  delta_E= 9.9e-05  |g|= 0.0948  |ddm|= 0.0195
    sigma = 0.01  Optimized mu = 0.0814770059863  entropy = 5.4778376299e-09
    Total E(T) = -5480.27122721262  Free energy = -5480.27122721267  E0 = -5480.27122721265
cycle= 41 E= -5480.27122721262  delta_E= 1.93e-06  |g|= 0.0948  |ddm|= 0.0213
    sigma = 0.01  Optimized mu = 0.082217185557  entropy = 5.04766067859e-09
    Total E(T) = -5480.2717407252  Free energy = -5480.27174072525  E0 = -5480.27174072522
cycle= 42 E= -5480.2717407252  delta_E= -0.000514  |g|= 0.0897  |ddm|= 0.024
    sigma = 0.01  Optimized mu = 0.0830483180239  entropy = 4.54935370598e-09
    Total E(T) = -5480.27306484496  Free energy = -5480.273064845  E0 = -5480.27306484498
cycle= 43 E= -5480.27306484496  delta_E= -0.00132  |g|= 0.0749  |ddm|= 0.0592
    sigma = 0.01  Optimized mu = 0.082641743239  entropy = 4.64089342359e-09
    Total E(T) = -5480.27379765826  Free energy = -5480.27379765831  E0 = -5480.27379765829
cycle= 44 E= -5480.27379765826  delta_E= -0.000733  |g|= 0.0653  |ddm|= 0.0337
    sigma = 0.01  Optimized mu = 0.0834340688887  entropy = 4.5505043778e-09
    Total E(T) = -5480.27476582723  Free energy = -5480.27476582727  E0 = -5480.27476582725
cycle= 45 E= -5480.27476582723  delta_E= -0.000968  |g|= 0.0547  |ddm|= 0.049
    sigma = 0.01  Optimized mu = 0.0826713764887  entropy = 4.54870142997e-09
    Total E(T) = -5480.27536337715  Free energy = -5480.27536337719  E0 = -5480.27536337717
cycle= 46 E= -5480.27536337715  delta_E= -0.000598  |g|= 0.0485  |ddm|= 0.0496
    sigma = 0.01  Optimized mu = 0.0834398069001  entropy = 4.59597957633e-09
    Total E(T) = -5480.27589925395  Free energy = -5480.275899254  E0 = -5480.27589925398
cycle= 47 E= -5480.27589925395  delta_E= -0.000536  |g|= 0.0392  |ddm|= 0.0537
    sigma = 0.01  Optimized mu = 0.0831916093491  entropy = 4.64196328456e-09
    Total E(T) = -5480.27621277769  Free energy = -5480.27621277773  E0 = -5480.27621277771
cycle= 48 E= -5480.27621277769  delta_E= -0.000314  |g|= 0.0365  |ddm|= 0.031
    sigma = 0.01  Optimized mu = 0.0828389509363  entropy = 4.73722058988e-09
    Total E(T) = -5480.27645831018  Free energy = -5480.27645831023  E0 = -5480.2764583102
cycle= 49 E= -5480.27645831018  delta_E= -0.000246  |g|= 0.032  |ddm|= 0.0223
    sigma = 0.01  Optimized mu = 0.0829674885649  entropy = 4.66669839333e-09
    Total E(T) = -5480.27674302558  Free energy = -5480.27674302562  E0 = -5480.2767430256
cycle= 50 E= -5480.27674302558  delta_E= -0.000285  |g|= 0.0284  |ddm|= 0.0284
    sigma = 0.01  Optimized mu = 0.0826009395057  entropy = 4.80185021492e-09
    Total E(T) = -5480.27691410245  Free energy = -5480.2769141025  E0 = -5480.27691410247
cycle= 51 E= -5480.27691410245  delta_E= -0.000171  |g|= 0.0249  |ddm|= 0.0204
    sigma = 0.01  Optimized mu = 0.0825568378242  entropy = 4.87138225082e-09
    Total E(T) = -5480.27704601454  Free energy = -5480.27704601459  E0 = -5480.27704601457
cycle= 52 E= -5480.27704601454  delta_E= -0.000132  |g|= 0.0246  |ddm|= 0.0159
    sigma = 0.01  Optimized mu = 0.0824871465146  entropy = 4.88797373537e-09
    Total E(T) = -5480.27717081858  Free energy = -5480.27717081863  E0 = -5480.2771708186
cycle= 53 E= -5480.27717081858  delta_E= -0.000125  |g|= 0.0238  |ddm|= 0.015
    sigma = 0.01  Optimized mu = 0.0825014242091  entropy = 4.87985314307e-09
    Total E(T) = -5480.27729335729  Free energy = -5480.27729335734  E0 = -5480.27729335732
cycle= 54 E= -5480.27729335729  delta_E= -0.000123  |g|= 0.0223  |ddm|= 0.0135
    sigma = 0.01  Optimized mu = 0.0823418230009  entropy = 4.93609802272e-09
    Total E(T) = -5480.27739385305  Free energy = -5480.2773938531  E0 = -5480.27739385308
cycle= 55 E= -5480.27739385305  delta_E= -0.0001  |g|= 0.0225  |ddm|= 0.014
    sigma = 0.01  Optimized mu = 0.0823211446299  entropy = 4.94558698433e-09
    Total E(T) = -5480.27749244469  Free energy = -5480.27749244474  E0 = -5480.27749244471
cycle= 56 E= -5480.27749244469  delta_E= -9.86e-05  |g|= 0.0217  |ddm|= 0.0126
    sigma = 0.01  Optimized mu = 0.0821368368957  entropy = 4.99586080348e-09
    Total E(T) = -5480.27759360793  Free energy = -5480.27759360798  E0 = -5480.27759360796
cycle= 57 E= -5480.27759360793  delta_E= -0.000101  |g|= 0.0217  |ddm|= 0.0169
    sigma = 0.01  Optimized mu = 0.0821240928913  entropy = 4.94910592278e-09
    Total E(T) = -5480.27770374132  Free energy = -5480.27770374137  E0 = -5480.27770374135
cycle= 58 E= -5480.27770374132  delta_E= -0.00011  |g|= 0.0212  |ddm|= 0.0176
    sigma = 0.01  Optimized mu = 0.0822654410584  entropy = 4.91720382333e-09
    Total E(T) = -5480.27782395556  Free energy = -5480.27782395561  E0 = -5480.27782395558
cycle= 59 E= -5480.27782395556  delta_E= -0.00012  |g|= 0.0196  |ddm|= 0.0171
    sigma = 0.01  Optimized mu = 0.0823344940094  entropy = 4.90178810887e-09
    Total E(T) = -5480.27793565476  Free energy = -5480.2779356548  E0 = -5480.27793565478
cycle= 60 E= -5480.27793565476  delta_E= -0.000112  |g|= 0.0174  |ddm|= 0.0146
    sigma = 0.01  Optimized mu = 0.082294760905  entropy = 4.93278181873e-09
    Total E(T) = -5480.27803766789  Free energy = -5480.27803766794  E0 = -5480.27803766791
cycle= 61 E= -5480.27803766789  delta_E= -0.000102  |g|= 0.0157  |ddm|= 0.0144
    sigma = 0.01  Optimized mu = 0.0821836478788  entropy = 4.99641894992e-09
    Total E(T) = -5480.27812411983  Free energy = -5480.27812411988  E0 = -5480.27812411985
cycle= 62 E= -5480.27812411983  delta_E= -8.65e-05  |g|= 0.014  |ddm|= 0.0142
    sigma = 0.01  Optimized mu = 0.082266905342  entropy = 4.97827619342e-09
    Total E(T) = -5480.27820799558  Free energy = -5480.27820799563  E0 = -5480.27820799561
cycle= 63 E= -5480.27820799558  delta_E= -8.39e-05  |g|= 0.0139  |ddm|= 0.0136
    sigma = 0.01  Optimized mu = 0.0822458973179  entropy = 4.99139819942e-09
    Total E(T) = -5480.27828767448  Free energy = -5480.27828767453  E0 = -5480.2782876745
cycle= 64 E= -5480.27828767448  delta_E= -7.97e-05  |g|= 0.0138  |ddm|= 0.0131
    sigma = 0.01  Optimized mu = 0.0821383775508  entropy = 5.06140282124e-09
    Total E(T) = -5480.2783580953  Free energy = -5480.27835809536  E0 = -5480.27835809533
cycle= 65 E= -5480.2783580953  delta_E= -7.04e-05  |g|= 0.0144  |ddm|= 0.0136
    sigma = 0.01  Optimized mu = 0.082051904865  entropy = 5.08447849966e-09
    Total E(T) = -5480.2784294282  Free energy = -5480.27842942825  E0 = -5480.27842942822
cycle= 66 E= -5480.2784294282  delta_E= -7.13e-05  |g|= 0.0154  |ddm|= 0.0146
    sigma = 0.01  Optimized mu = 0.0820535433161  entropy = 5.07976161046e-09
    Total E(T) = -5480.27849746176  Free energy = -5480.27849746181  E0 = -5480.27849746179
cycle= 67 E= -5480.27849746176  delta_E= -6.8e-05  |g|= 0.0149  |ddm|= 0.012
    sigma = 0.01  Optimized mu = 0.0820722881116  entropy = 5.08212736559e-09
    Total E(T) = -5480.27856489269  Free energy = -5480.27856489274  E0 = -5480.27856489271
cycle= 68 E= -5480.27856489269  delta_E= -6.74e-05  |g|= 0.0145  |ddm|= 0.0117
    sigma = 0.01  Optimized mu = 0.0821048463104  entropy = 5.06316265801e-09
    Total E(T) = -5480.27863461904  Free energy = -5480.27863461909  E0 = -5480.27863461906
cycle= 69 E= -5480.27863461904  delta_E= -6.97e-05  |g|= 0.0143  |ddm|= 0.0124
    sigma = 0.01  Optimized mu = 0.0821463865953  entropy = 5.00032265988e-09
    Total E(T) = -5480.27870349115  Free energy = -5480.2787034912  E0 = -5480.27870349117
cycle= 70 E= -5480.27870349115  delta_E= -6.89e-05  |g|= 0.0118  |ddm|= 0.0117
    sigma = 0.01  Optimized mu = 0.0822756530423  entropy = 4.93446338848e-09
    Total E(T) = -5480.27877524254  Free energy = -5480.27877524259  E0 = -5480.27877524257
cycle= 71 E= -5480.27877524254  delta_E= -7.18e-05  |g|= 0.0115  |ddm|= 0.0188
    sigma = 0.01  Optimized mu = 0.0821926089584  entropy = 4.97114753245e-09
    Total E(T) = -5480.27884009206  Free energy = -5480.27884009211  E0 = -5480.27884009209
cycle= 72 E= -5480.27884009206  delta_E= -6.48e-05  |g|= 0.0089  |ddm|= 0.013
    sigma = 0.01  Optimized mu = 0.0820864871431  entropy = 5.0245907876e-09
    Total E(T) = -5480.27890610925  Free energy = -5480.2789061093  E0 = -5480.27890610928
cycle= 73 E= -5480.27890610925  delta_E= -6.6e-05  |g|= 0.00869  |ddm|= 0.0135
    sigma = 0.01  Optimized mu = 0.0821314116123  entropy = 5.03688797809e-09
    Total E(T) = -5480.27897480511  Free energy = -5480.27897480516  E0 = -5480.27897480514
cycle= 74 E= -5480.27897480511  delta_E= -6.87e-05  |g|= 0.00886  |ddm|= 0.0151
    sigma = 0.01  Optimized mu = 0.0821106831333  entropy = 5.04259325295e-09
    Total E(T) = -5480.27903898514  Free energy = -5480.27903898519  E0 = -5480.27903898517
cycle= 75 E= -5480.27903898514  delta_E= -6.42e-05  |g|= 0.00797  |ddm|= 0.0117
    sigma = 0.01  Optimized mu = 0.0820364443411  entropy = 5.08724852917e-09
    Total E(T) = -5480.27910052322  Free energy = -5480.27910052327  E0 = -5480.27910052325
cycle= 76 E= -5480.27910052322  delta_E= -6.15e-05  |g|= 0.00932  |ddm|= 0.0124
    sigma = 0.01  Optimized mu = 0.0820863918836  entropy = 5.06309553342e-09
    Total E(T) = -5480.27916387493  Free energy = -5480.27916387498  E0 = -5480.27916387496
cycle= 77 E= -5480.27916387493  delta_E= -6.34e-05  |g|= 0.00892  |ddm|= 0.0117
    sigma = 0.01  Optimized mu = 0.0820730941049  entropy = 5.05787690368e-09
    Total E(T) = -5480.27922579304  Free energy = -5480.27922579309  E0 = -5480.27922579306
cycle= 78 E= -5480.27922579304  delta_E= -6.19e-05  |g|= 0.00819  |ddm|= 0.0109
    sigma = 0.01  Optimized mu = 0.0820769977946  entropy = 5.04266765186e-09
    Total E(T) = -5480.27928618402  Free energy = -5480.27928618407  E0 = -5480.27928618405
cycle= 79 E= -5480.27928618402  delta_E= -6.04e-05  |g|= 0.00738  |ddm|= 0.0104
    sigma = 0.01  Optimized mu = 0.0820960672431  entropy = 5.03765539842e-09
    Total E(T) = -5480.27934417984  Free energy = -5480.27934417989  E0 = -5480.27934417986
cycle= 80 E= -5480.27934417984  delta_E= -5.8e-05  |g|= 0.00643  |ddm|= 0.0099
    sigma = 0.01  Optimized mu = 0.0820668189309  entropy = 5.04743600893e-09
    Total E(T) = -5480.27939936853  Free energy = -5480.27939936858  E0 = -5480.27939936856
cycle= 81 E= -5480.27939936853  delta_E= -5.52e-05  |g|= 0.00621  |ddm|= 0.00985
    sigma = 0.01  Optimized mu = 0.0819887011143  entropy = 5.07146816163e-09
    Total E(T) = -5480.2794547268  Free energy = -5480.27945472685  E0 = -5480.27945472683
cycle= 82 E= -5480.2794547268  delta_E= -5.54e-05  |g|= 0.00616  |ddm|= 0.0109
    sigma = 0.01  Optimized mu = 0.0820707735476  entropy = 5.05000556221e-09
    Total E(T) = -5480.279510349  Free energy = -5480.27951034905  E0 = -5480.27951034903
cycle= 83 E= -5480.279510349  delta_E= -5.56e-05  |g|= 0.00533  |ddm|= 0.0105
    sigma = 0.01  Optimized mu = 0.0820168457385  entropy = 5.05740161512e-09
    Total E(T) = -5480.27956485505  Free energy = -5480.2795648551  E0 = -5480.27956485508
cycle= 84 E= -5480.27956485505  delta_E= -5.45e-05  |g|= 0.00478  |ddm|= 0.0102
    sigma = 0.01  Optimized mu = 0.082029698684  entropy = 5.04041799592e-09
    Total E(T) = -5480.27961844567  Free energy = -5480.27961844572  E0 = -5480.2796184457
cycle= 85 E= -5480.27961844567  delta_E= -5.36e-05  |g|= 0.00418  |ddm|= 0.01
    sigma = 0.01  Optimized mu = 0.0820386693998  entropy = 5.04600893361e-09
    Total E(T) = -5480.27967042195  Free energy = -5480.279670422  E0 = -5480.27967042197
cycle= 86 E= -5480.27967042195  delta_E= -5.2e-05  |g|= 0.00385  |ddm|= 0.00949
    sigma = 0.01  Optimized mu = 0.0820323970251  entropy = 5.04751150087e-09
    Total E(T) = -5480.27972095813  Free energy = -5480.27972095818  E0 = -5480.27972095816
cycle= 87 E= -5480.27972095813  delta_E= -5.05e-05  |g|= 0.00371  |ddm|= 0.00929
    sigma = 0.01  Optimized mu = 0.0820206500072  entropy = 5.05201521771e-09
    Total E(T) = -5480.27977048784  Free energy = -5480.27977048789  E0 = -5480.27977048787
cycle= 88 E= -5480.27977048784  delta_E= -4.95e-05  |g|= 0.00374  |ddm|= 0.0092
    sigma = 0.01  Optimized mu = -0.167107522756  entropy = 15.2471016533
    Total E(T) = -5479.9836577055  Free energy = -5480.13612872203  E0 = -5480.05989321376
Extra cycle  E= -5479.9836577055  delta_E= 0.296  |g|= 0.538  |ddm|= 1.94
converged SCF energy = -5479.9836577055  <S^2> = 2.0574868  2S+1 = 3.0380828
=== Python finished ===

All done.
