The following modules were not unloaded:
  (Use "module --force purge" to unload all):

  1) xalt/2.10.45
lmod: xalt was automatically unloaded
Traceback (most recent call last):
  File "aldft.py", line 49, in <module>
    dm = scf.hf.from_chk(cluster, 'hf.chk')
AttributeError: module 'pyscf.scf.hf' has no attribute 'from_chk'
srun: error: a133: task 0: Exited with exit code 1
Command exited with non-zero status 1
	Command being timed: "srun -u python -u aldft.py"
	User time (seconds): 0.01
	System time (seconds): 0.00
	Percent of CPU this job got: 0%
	Elapsed (wall clock) time (h:mm:ss or m:ss): 0:03.75
	Average shared text size (kbytes): 0
	Average unshared data size (kbytes): 0
	Average stack size (kbytes): 0
	Average total size (kbytes): 0
	Maximum resident set size (kbytes): 7016
	Average resident set size (kbytes): 0
	Major (requiring I/O) page faults: 66
	Minor (reclaiming a frame) page faults: 1341
	Voluntary context switches: 99
	Involuntary context switches: 1
	Swaps: 0
	File system inputs: 592
	File system outputs: 0
	Socket messages sent: 0
	Socket messages received: 0
	Signals delivered: 0
	Page size (bytes): 4096
	Exit status: 1
