The following modules were not unloaded:
  (Use "module --force purge" to unload all):

  1) xalt/2.10.45
lmod: xalt was automatically unloaded
	Command being timed: "srun -u python -u alpure.py"
	User time (seconds): 0.00
	System time (seconds): 0.00
	Percent of CPU this job got: 0%
	Elapsed (wall clock) time (h:mm:ss or m:ss): 0:12.43
	Average shared text size (kbytes): 0
	Average unshared data size (kbytes): 0
	Average stack size (kbytes): 0
	Average total size (kbytes): 0
	Maximum resident set size (kbytes): 8352
	Average resident set size (kbytes): 0
	Major (requiring I/O) page faults: 6
	Minor (reclaiming a frame) page faults: 1265
	Voluntary context switches: 122
	Involuntary context switches: 0
	Swaps: 0
	File system inputs: 48
	File system outputs: 0
	Socket messages sent: 0
	Socket messages received: 0
	Signals delivered: 0
	Page size (bytes): 4096
	Exit status: 0
