=== Job info ===
Job: alclusterpyscf  ID: 13624014  Node: a119.anvil.rcac.purdue.edu
Threads: 8  PySCF max mem (MB): 255465
CPU(s):              128
On-line CPU(s) list: 0-127
Thread(s) per core:  1
Core(s) per socket:  64
Socket(s):           2
NUMA node(s):        8
Model name:          AMD EPYC 7763 64-Core Processor
NUMA node0 CPU(s):   0-15
NUMA node1 CPU(s):   16-31
NUMA node2 CPU(s):   32-47
NUMA node3 CPU(s):   48-63
NUMA node4 CPU(s):   64-79
NUMA node5 CPU(s):   80-95
NUMA node6 CPU(s):   96-111
NUMA node7 CPU(s):   112-127
              total        used        free      shared  buff/cache   available
Mem:          251Gi        11Gi       235Gi       5.1Gi       5.3Gi       234Gi
Swap:          89Gi          0B        89Gi
TMPDIR=/tmp

=== Starting Python with /usr/bin/time -v ===
SCF not converged.
SCF energy = -5329.10786614232
SCF not converged.
SCF energy = -5329.05835424543
=== Python finished ===

=== Last resource samples (sstat) ===
Timestamp,JobID,AveCPU,MaxRSS,AveRSS,Tasks

=== sacct summary ===
JobID           Elapsed   TotalCPU     AveCPU      NCPUS     MaxRSS     AveRSS      State ExitCode 
------------ ---------- ---------- ---------- ---------- ---------- ---------- ---------- -------- 
13624014       00:04:39   00:00:00                    64                          RUNNING      0:0 
13624014.ba+   00:04:39   00:00:00                    64                          RUNNING      0:0 
13624014.ex+   00:04:39   00:00:00                    64                          RUNNING      0:0 
13624014.0     00:04:34   00:00:00                     8                          RUNNING      0:0 

13624014|00:04:39|00:00:00||64|||RUNNING|0:0
13624014.batch|00:04:39|00:00:00||64|||RUNNING|0:0
13624014.extern|00:04:39|00:00:00||64|||RUNNING|0:0
13624014.0|00:04:34|00:00:00||8|||RUNNING|0:0

All done.
