The following modules were not unloaded:
  (Use "module --force purge" to unload all):

  1) xalt/2.10.45
sstat: error: Invalid field requested: "Tasks"
sstat: error: Invalid field requested: "Tasks"
sstat: error: Invalid field requested: "Tasks"
sstat: error: Invalid field requested: "Tasks"
sstat: error: Invalid field requested: "Tasks"
	Command being timed: "srun --cpu-bind=cores python -u alcluster.py"
	User time (seconds): 0.00
	System time (seconds): 0.00
	Percent of CPU this job got: 0%
	Elapsed (wall clock) time (h:mm:ss or m:ss): 4:33.74
	Average shared text size (kbytes): 0
	Average unshared data size (kbytes): 0
	Average stack size (kbytes): 0
	Average total size (kbytes): 0
	Maximum resident set size (kbytes): 8640
	Average resident set size (kbytes): 0
	Major (requiring I/O) page faults: 0
	Minor (reclaiming a frame) page faults: 1281
	Voluntary context switches: 36
	Involuntary context switches: 0
	Swaps: 0
	File system inputs: 0
	File system outputs: 0
	Socket messages sent: 0
	Socket messages received: 0
	Signals delivered: 0
	Page size (bytes): 4096
	Exit status: 0
/var/spool/slurm/job13624014/slurm_script: line 83: 133383 Terminated              monitor
