

******** <class 'pyscf.scf.addons.SmearingDFRKS'> ********
method = SmearingDFRKS
initial guess = minao
damping factor = 0.15
level_shift factor = 0.2
DIIS = <class 'pyscf.scf.diis.CDIIS'>
diis_start_cycle = 1
diis_space = 12
diis_damp = 0
SCF conv_tol = 1e-06
SCF conv_tol_grad = None
SCF max_cycles = 100
direct_scf = True
direct_scf_tol = 1e-13
chkfile to save SCF result = /tmp/tmpe73njg9e
max_memory 4000 MB (current use 103 MB)
XC library pyscf.dft.libxc version 6.1.0
    S. Lehtola, C. Steigemann, M. J.T. Oliveira, and M. A.L. Marques.,  SoftwareX 7, 1–5 (2018)
XC functionals = PBE
    J. P. Perdew, K. Burke, and M. Ernzerhof.,  Phys. Rev. Lett. 77, 3865 (1996)
    J. P. Perdew, K. Burke, and M. Ernzerhof.,  Phys. Rev. Lett. 78, 1396 (1997)
    J. P. Perdew, K. Burke, and M. Ernzerhof.,  Phys. Rev. Lett. 77, 3865 (1996)
    J. P. Perdew, K. Burke, and M. Ernzerhof.,  Phys. Rev. Lett. 78, 1396 (1997)
small_rho_cutoff = 1e-06
Set gradient conv threshold to 0.001
Initial guess from minao.
init E= -5332.51122288631
    sigma = 0.01  Optimized mu = -0.0102382493752  entropy = 9.37195264104
    Total E(T) = -5330.19127133693  Free energy = -5330.28499086334  E0 = -5330.23813110013
cycle= 1 E= -5330.19127133693  delta_E= 2.32  |g|= 0.423  |ddm|= 16.3
    sigma = 0.01  Optimized mu = -0.0575526564135  entropy = 3.62188686461
    Total E(T) = -5330.16787605214  Free energy = -5330.20409492079  E0 = -5330.18598548647
cycle= 2 E= -5330.16787605214  delta_E= 0.0234  |g|= 0.798  |ddm|= 4.11
    sigma = 0.01  Optimized mu = -0.0751735992719  entropy = 2.78387281904
    Total E(T) = -5330.27805862335  Free energy = -5330.30589735154  E0 = -5330.29197798744
cycle= 3 E= -5330.27805862335  delta_E= -0.11  |g|= 0.283  |ddm|= 2.43
    sigma = 0.01  Optimized mu = -0.0638832580188  entropy = 2.77804428302
    Total E(T) = -5330.30940697996  Free energy = -5330.33718742279  E0 = -5330.32329720137
cycle= 4 E= -5330.30940697996  delta_E= -0.0313  |g|= 0.135  |ddm|= 0.985
    sigma = 0.01  Optimized mu = -0.062731374212  entropy = 2.77710269326
    Total E(T) = -5330.31715082032  Free energy = -5330.34492184725  E0 = -5330.33103633379
cycle= 5 E= -5330.31715082032  delta_E= -0.00774  |g|= 0.0671  |ddm|= 0.427
    sigma = 0.01  Optimized mu = -0.0627732837701  entropy = 2.77708944782
    Total E(T) = -5330.31926048918  Free energy = -5330.34703138366  E0 = -5330.33314593642
cycle= 6 E= -5330.31926048918  delta_E= -0.00211  |g|= 0.029  |ddm|= 0.203
    sigma = 0.01  Optimized mu = -0.0625966153451  entropy = 2.77709944303
    Total E(T) = -5330.31976405244  Free energy = -5330.34753504687  E0 = -5330.33364954965
cycle= 7 E= -5330.31976405244  delta_E= -0.000504  |g|= 0.0176  |ddm|= 0.107
    sigma = 0.01  Optimized mu = -0.0620462714764  entropy = 2.77702810066
    Total E(T) = -5330.31993692024  Free energy = -5330.34770720125  E0 = -5330.33382206075
cycle= 8 E= -5330.31993692024  delta_E= -0.000173  |g|= 0.00741  |ddm|= 0.0572
    sigma = 0.01  Optimized mu = -0.0619465013839  entropy = 2.77701822071
    Total E(T) = -5330.31999618642  Free energy = -5330.34776636863  E0 = -5330.33388127753
cycle= 9 E= -5330.31999618642  delta_E= -5.93e-05  |g|= 0.00504  |ddm|= 0.0351
    sigma = 0.01  Optimized mu = -0.0619991618079  entropy = 2.77702221941
    Total E(T) = -5330.32002419779  Free energy = -5330.34779441998  E0 = -5330.33390930888
cycle= 10 E= -5330.32002419779  delta_E= -2.8e-05  |g|= 0.00434  |ddm|= 0.0258
    sigma = 0.01  Optimized mu = -0.0619578582982  entropy = 2.77701404215
    Total E(T) = -5330.3200425528  Free energy = -5330.34781269322  E0 = -5330.33392762301
cycle= 11 E= -5330.3200425528  delta_E= -1.84e-05  |g|= 0.0033  |ddm|= 0.0179
    sigma = 0.01  Optimized mu = -0.0620022250101  entropy = 2.77702218345
    Total E(T) = -5330.32005341612  Free energy = -5330.34782363796  E0 = -5330.33393852704
cycle= 12 E= -5330.32005341612  delta_E= -1.09e-05  |g|= 0.00329  |ddm|= 0.0146
    sigma = 0.01  Optimized mu = -0.061995169299  entropy = 2.77702050136
    Total E(T) = -5330.32006097279  Free energy = -5330.34783117781  E0 = -5330.3339460753
cycle= 13 E= -5330.32006097279  delta_E= -7.56e-06  |g|= 0.00302  |ddm|= 0.0118
    sigma = 0.01  Optimized mu = -0.0620033684235  entropy = 2.77701991591
    Total E(T) = -5330.32006675494  Free energy = -5330.3478369541  E0 = -5330.33395185452
cycle= 14 E= -5330.32006675494  delta_E= -5.78e-06  |g|= 0.00273  |ddm|= 0.00948
    sigma = 0.01  Optimized mu = -0.0620086193441  entropy = 2.77701914656
    Total E(T) = -5330.32007112467  Free energy = -5330.34784131614  E0 = -5330.3339562204
cycle= 15 E= -5330.32007112467  delta_E= -4.37e-06  |g|= 0.00252  |ddm|= 0.00836
    sigma = 0.01  Optimized mu = -0.0620097393125  entropy = 2.77697031927
    Total E(T) = -5330.32007462759  Free energy = -5330.34784433078  E0 = -5330.33395947919
cycle= 16 E= -5330.32007462759  delta_E= -3.5e-06  |g|= 0.00226  |ddm|= 0.00881
    sigma = 0.01  Optimized mu = -0.0620114429075  entropy = 2.77585158815
    Total E(T) = -5330.32007536651  Free energy = -5330.3478338824  E0 = -5330.33395462446
cycle= 17 E= -5330.32007536651  delta_E= -7.39e-07  |g|= 0.00231  |ddm|= 0.0261
    sigma = 0.01  Optimized mu = -0.0620149973763  entropy = 2.74825757735
    Total E(T) = -5330.32000340632  Free energy = -5330.3474859821  E0 = -5330.33374469421
cycle= 18 E= -5330.32000340632  delta_E= 7.2e-05  |g|= 0.00982  |ddm|= 0.126
    sigma = 0.01  Optimized mu = -0.0620082216024  entropy = 2.17408973731
    Total E(T) = -5330.31850268381  Free energy = -5330.34024358118  E0 = -5330.32937313249
cycle= 19 E= -5330.31850268381  delta_E= 0.0015  |g|= 0.0428  |ddm|= 0.546
    sigma = 0.01  Optimized mu = -0.0618854730526  entropy = 0.125315771582
    Total E(T) = -5330.31465628276  Free energy = -5330.31590944048  E0 = -5330.31528286162
cycle= 20 E= -5330.31465628276  delta_E= 0.00385  |g|= 0.0789  |ddm|=  0.6
    sigma = 0.01  Optimized mu = -0.0575102017327  entropy = 0.00604430830502
    Total E(T) = -5330.31456185813  Free energy = -5330.31462230121  E0 = -5330.31459207967
cycle= 21 E= -5330.31456185813  delta_E= 9.44e-05  |g|= 0.0799  |ddm|= 0.0129
    sigma = 0.01  Optimized mu = -0.0573476312502  entropy = 0.00584492105573
    Total E(T) = -5330.31455736576  Free energy = -5330.31461581497  E0 = -5330.31458659036
cycle= 22 E= -5330.31455736576  delta_E= 4.49e-06  |g|= 0.0825  |ddm|= 0.00374
    sigma = 0.01  Optimized mu = -0.0573465044938  entropy = 0.00584473632113
    Total E(T) = -5330.31455522794  Free energy = -5330.3146136753  E0 = -5330.31458445162
cycle= 23 E= -5330.31455522794  delta_E= 2.14e-06  |g|= 0.0865  |ddm|= 0.00318
    sigma = 0.01  Optimized mu = -0.0573442820322  entropy = 0.00584476391583
    Total E(T) = -5330.31456187775  Free energy = -5330.31462032539  E0 = -5330.31459110157
cycle= 24 E= -5330.31456187775  delta_E= -6.65e-06  |g|= 0.0825  |ddm|= 0.003
    sigma = 0.01  Optimized mu = -0.0573469637788  entropy = 0.0058445926641
    Total E(T) = -5330.31456547529  Free energy = -5330.31462392121  E0 = -5330.31459469825
cycle= 25 E= -5330.31456547529  delta_E= -3.6e-06  |g|= 0.0838  |ddm|= 0.00288
    sigma = 0.01  Optimized mu = -0.0573433636008  entropy = 0.00584405162421
    Total E(T) = -5330.31456604567  Free energy = -5330.31462448618  E0 = -5330.31459526593
cycle= 26 E= -5330.31456604567  delta_E= -5.7e-07  |g|= 0.0873  |ddm|= 0.00271
    sigma = 0.01  Optimized mu = -0.0573450055279  entropy = 0.00584566798672
    Total E(T) = -5330.31457668254  Free energy = -5330.31463513922  E0 = -5330.31460591088
cycle= 27 E= -5330.31457668254  delta_E= -1.06e-05  |g|= 0.0817  |ddm|= 0.00274
    sigma = 0.01  Optimized mu = -0.0573517711136  entropy = 0.00584553310703
    Total E(T) = -5330.31458515516  Free energy = -5330.31464361049  E0 = -5330.31461438282
cycle= 28 E= -5330.31458515516  delta_E= -8.47e-06  |g|= 0.0819  |ddm|= 0.00298
    sigma = 0.01  Optimized mu = -0.0573400101412  entropy = 0.00583913861746
    Total E(T) = -5330.31454367457  Free energy = -5330.31460206596  E0 = -5330.31457287026
cycle= 29 E= -5330.31454367457  delta_E= 4.15e-05  |g|= 0.0822  |ddm|= 0.00513
    sigma = 0.01  Optimized mu = -0.0573525027606  entropy = 0.00584009811503
    Total E(T) = -5330.31452410373  Free energy = -5330.31458250471  E0 = -5330.31455330422
cycle= 30 E= -5330.31452410373  delta_E= 1.96e-05  |g|= 0.0825  |ddm|= 0.00361
    sigma = 0.01  Optimized mu = -0.0574566429429  entropy = 0.00593486146599
    Total E(T) = -5330.31512763981  Free energy = -5330.31518698843  E0 = -5330.31515731412
cycle= 31 E= -5330.31512763981  delta_E= -0.000604  |g|= 0.0682  |ddm|= 0.0539
    sigma = 0.01  Optimized mu = -0.0577099760498  entropy = 0.00625803716174
    Total E(T) = -5330.31691480026  Free energy = -5330.31697738063  E0 = -5330.31694609044
cycle= 32 E= -5330.31691480026  delta_E= -0.00179  |g|= 0.0371  |ddm|= 0.212
    sigma = 0.01  Optimized mu = -0.0578100895234  entropy = 0.00637472889187
    Total E(T) = -5330.31764743945  Free energy = -5330.31771118674  E0 = -5330.3176793131
cycle= 33 E= -5330.31764743945  delta_E= -0.000733  |g|= 0.0207  |ddm|= 0.146
    sigma = 0.01  Optimized mu = -0.057835158368  entropy = 0.00635597822241
    Total E(T) = -5330.31785722669  Free energy = -5330.31792078647  E0 = -5330.31788900658
cycle= 34 E= -5330.31785722669  delta_E= -0.00021  |g|= 0.0137  |ddm|= 0.0669
    sigma = 0.01  Optimized mu = -0.0577643078833  entropy = 0.00632169857251
    Total E(T) = -5330.31792871495  Free energy = -5330.31799193194  E0 = -5330.31796032345
cycle= 35 E= -5330.31792871495  delta_E= -7.15e-05  |g|= 0.00922  |ddm|= 0.0357
    sigma = 0.01  Optimized mu = -0.0577099042636  entropy = 0.00631257089323
    Total E(T) = -5330.31796343364  Free energy = -5330.31802655935  E0 = -5330.31799499649
cycle= 36 E= -5330.31796343364  delta_E= -3.47e-05  |g|= 0.00796  |ddm|= 0.027
    sigma = 0.01  Optimized mu = -0.0576905722376  entropy = 0.00630170465907
    Total E(T) = -5330.31798841951  Free energy = -5330.31805143655  E0 = -5330.31801992803
cycle= 37 E= -5330.31798841951  delta_E= -2.5e-05  |g|= 0.00602  |ddm|= 0.0175
    sigma = 0.01  Optimized mu = -0.0577308051586  entropy = 0.00629538276603
    Total E(T) = -5330.31800592441  Free energy = -5330.31806887824  E0 = -5330.31803740132
cycle= 38 E= -5330.31800592441  delta_E= -1.75e-05  |g|= 0.00494  |ddm|= 0.0164
    sigma = 0.01  Optimized mu = -0.0577086271998  entropy = 0.00629237650769
    Total E(T) = -5330.31801895877  Free energy = -5330.31808188253  E0 = -5330.31805042065
cycle= 39 E= -5330.31801895877  delta_E= -1.3e-05  |g|= 0.00412  |ddm|= 0.0138
    sigma = 0.01  Optimized mu = -0.0577002793839  entropy = 0.00628990405333
    Total E(T) = -5330.31802982046  Free energy = -5330.3180927195  E0 = -5330.31806126998
cycle= 40 E= -5330.31802982046  delta_E= -1.09e-05  |g|= 0.00329  |ddm|= 0.0118
    sigma = 0.01  Optimized mu = -0.0577120427177  entropy = 0.00629007588929
    Total E(T) = -5330.31803866338  Free energy = -5330.31810156414  E0 = -5330.31807011376
cycle= 41 E= -5330.31803866338  delta_E= -8.84e-06  |g|= 0.00276  |ddm|= 0.0109
    sigma = 0.01  Optimized mu = -0.0577024282983  entropy = 0.00628710522044
    Total E(T) = -5330.31804621181  Free energy = -5330.31810908287  E0 = -5330.31807764734
cycle= 42 E= -5330.31804621181  delta_E= -7.55e-06  |g|= 0.00226  |ddm|= 0.0101
    sigma = 0.01  Optimized mu = -0.0576741176537  entropy = 0.00628279507335
    Total E(T) = -5330.31805163514  Free energy = -5330.3181144631  E0 = -5330.31808304912
cycle= 43 E= -5330.31805163514  delta_E= -5.42e-06  |g|= 0.00275  |ddm|= 0.0111
    sigma = 0.01  Optimized mu = -0.0576893098038  entropy = 0.00628013163213
    Total E(T) = -5330.31805547315  Free energy = -5330.31811827447  E0 = -5330.31808687381
cycle= 44 E= -5330.31805547315  delta_E= -3.84e-06  |g|= 0.00329  |ddm|= 0.0105
    sigma = 0.01  Optimized mu = -0.0576818874653  entropy = 0.00627711092107
    Total E(T) = -5330.31805887851  Free energy = -5330.31812164962  E0 = -5330.31809026406
cycle= 45 E= -5330.31805887851  delta_E= -3.41e-06  |g|= 0.00377  |ddm|= 0.00887
    sigma = 0.01  Optimized mu = -0.0576813805481  entropy = 0.00627690094803
    Total E(T) = -5330.31806300581  Free energy = -5330.31812577482  E0 = -5330.31809439031
cycle= 46 E= -5330.31806300581  delta_E= -4.13e-06  |g|= 0.00381  |ddm|= 0.00768
    sigma = 0.01  Optimized mu = -0.0576843877733  entropy = 0.00627445810897
    Total E(T) = -5330.31806684702  Free energy = -5330.3181295916  E0 = -5330.31809821931
cycle= 47 E= -5330.31806684702  delta_E= -3.84e-06  |g|= 0.00362  |ddm|= 0.0077
    sigma = 0.01  Optimized mu = -0.0576930067562  entropy = 0.00627334316727
    Total E(T) = -5330.31806997734  Free energy = -5330.31813271077  E0 = -5330.31810134405
cycle= 48 E= -5330.31806997734  delta_E= -3.13e-06  |g|= 0.00388  |ddm|= 0.00741
    sigma = 0.01  Optimized mu = -0.0576901338059  entropy = 0.00627245066793
    Total E(T) = -5330.3180727229  Free energy = -5330.31813544741  E0 = -5330.31810408515
cycle= 49 E= -5330.3180727229  delta_E= -2.75e-06  |g|= 0.00406  |ddm|= 0.00709
    sigma = 0.01  Optimized mu = -0.0576866801549  entropy = 0.00627044138252
    Total E(T) = -5330.31807534637  Free energy = -5330.31813805078  E0 = -5330.31810669857
cycle= 50 E= -5330.31807534637  delta_E= -2.62e-06  |g|= 0.00417  |ddm|= 0.00669
    sigma = 0.01  Optimized mu = -0.0576847268054  entropy = 0.00626968002614
    Total E(T) = -5330.31807817021  Free energy = -5330.31814086701  E0 = -5330.31810951861
cycle= 51 E= -5330.31807817021  delta_E= -2.82e-06  |g|= 0.00421  |ddm|= 0.00617
    sigma = 0.01  Optimized mu = -0.0576776493217  entropy = 0.00626880018967
    Total E(T) = -5330.31808123453  Free energy = -5330.31814392254  E0 = -5330.31811257853
cycle= 52 E= -5330.31808123453  delta_E= -3.06e-06  |g|= 0.00415  |ddm|= 0.00595
    sigma = 0.01  Optimized mu = -0.057694609312  entropy = 0.00627108745953
    Total E(T) = -5330.31808539651  Free energy = -5330.31814810738  E0 = -5330.31811675194
cycle= 53 E= -5330.31808539651  delta_E= -4.16e-06  |g|= 0.00361  |ddm|= 0.00636
    sigma = 0.01  Optimized mu = -0.0576921232144  entropy = 0.00627097445736
    Total E(T) = -5330.31808871046  Free energy = -5330.3181514202  E0 = -5330.31812006533
cycle= 54 E= -5330.31808871046  delta_E= -3.31e-06  |g|= 0.00347  |ddm|= 0.00576
    sigma = 0.01  Optimized mu = -0.057693104409  entropy = 0.00626910113768
    Total E(T) = -5330.31809194597  Free energy = -5330.31815463698  E0 = -5330.31812329148
cycle= 55 E= -5330.31809194597  delta_E= -3.24e-06  |g|= 0.00323  |ddm|= 0.00549
    sigma = 0.01  Optimized mu = -0.0576894585061  entropy = 0.00626807446795
    Total E(T) = -5330.31809354562  Free energy = -5330.31815622637  E0 = -5330.318124886
cycle= 56 E= -5330.31809354562  delta_E= -1.6e-06  |g|= 0.00366  |ddm|= 0.00651
    sigma = 0.01  Optimized mu = -0.057685254503  entropy = 0.00626509373344
    Total E(T) = -5330.31809436696  Free energy = -5330.31815701789  E0 = -5330.31812569243
cycle= 57 E= -5330.31809436696  delta_E= -8.21e-07  |g|= 0.00419  |ddm|= 0.00615
    sigma = 0.01  Optimized mu = -0.0576663204897  entropy = 0.00626390867264
    Total E(T) = -5330.31809452763  Free energy = -5330.31815716671  E0 = -5330.31812584717
cycle= 58 E= -5330.31809452763  delta_E= -1.61e-07  |g|= 0.00482  |ddm|= 0.00671
    sigma = 0.01  Optimized mu = -0.0576750544062  entropy = 0.00626497209958
    Total E(T) = -5330.31809651223  Free energy = -5330.31815916195  E0 = -5330.31812783709
cycle= 59 E= -5330.31809651223  delta_E= -1.98e-06  |g|= 0.00485  |ddm|= 0.00469
    sigma = 0.01  Optimized mu = -0.057645178505  entropy = 0.00627181701821
    Total E(T) = -5330.31810490832  Free energy = -5330.31816762649  E0 = -5330.31813626741
cycle= 60 E= -5330.31810490832  delta_E= -8.4e-06  |g|= 0.0026  |ddm|= 0.0145
    sigma = 0.01  Optimized mu = -0.0576720612337  entropy = 0.0062616906429
    Total E(T) = -5330.31810417894  Free energy = -5330.31816679585  E0 = -5330.31813548739
cycle= 61 E= -5330.31810417894  delta_E= 7.29e-07  |g|= 0.00398  |ddm|= 0.0128
    sigma = 0.01  Optimized mu = -0.0576755037757  entropy = 0.00626204063983
    Total E(T) = -5330.31810341867  Free energy = -5330.31816603908  E0 = -5330.31813472888
cycle= 62 E= -5330.31810341867  delta_E= 7.6e-07  |g|= 0.00477  |ddm|= 0.0067
    sigma = 0.01  Optimized mu = -0.0576741017689  entropy = 0.00626366532164
    Total E(T) = -5330.31810793909  Free energy = -5330.31817057575  E0 = -5330.31813925742
cycle= 63 E= -5330.31810793909  delta_E= -4.52e-06  |g|= 0.00377  |ddm|= 0.00854
    sigma = 0.01  Optimized mu = -0.0576780359055  entropy = 0.00626895123098
    Total E(T) = -5330.31811402908  Free energy = -5330.31817671859  E0 = -5330.31814537383
cycle= 64 E= -5330.31811402908  delta_E= -6.09e-06  |g|= 0.00221  |ddm|= 0.011
    sigma = 0.01  Optimized mu = -0.0577067717913  entropy = 0.00627018564626
    Total E(T) = -5330.31811706709  Free energy = -5330.31817976895  E0 = -5330.31814841802
cycle= 65 E= -5330.31811706709  delta_E= -3.04e-06  |g|= 0.00147  |ddm|= 0.00796
    sigma = 0.01  Optimized mu = -0.0576866428589  entropy = 0.00626453838277
    Total E(T) = -5330.3181182733  Free energy = -5330.31818091869  E0 = -5330.31814959599
cycle= 66 E= -5330.3181182733  delta_E= -1.21e-06  |g|= 0.002  |ddm|= 0.00874
    sigma = 0.01  Optimized mu = -0.0576843017278  entropy = 0.00626497027737
    Total E(T) = -5330.31812061874  Free energy = -5330.31818326844  E0 = -5330.31815194359
cycle= 67 E= -5330.31812061874  delta_E= -2.35e-06  |g|= 0.00165  |ddm|= 0.00541
    sigma = 0.01  Optimized mu = -0.0576725531684  entropy = 0.00626058709729
    Total E(T) = -5330.31812198616  Free energy = -5330.31818459203  E0 = -5330.31815328909
cycle= 68 E= -5330.31812198616  delta_E= -1.37e-06  |g|= 0.00196  |ddm|= 0.00608
    sigma = 0.01  Optimized mu = -0.0576793683541  entropy = 0.00626046701522
    Total E(T) = -5330.3181230175  Free energy = -5330.31818562217  E0 = -5330.31815431983
cycle= 69 E= -5330.3181230175  delta_E= -1.03e-06  |g|= 0.00233  |ddm|= 0.00532
    sigma = 0.01  Optimized mu = -0.0576729573791  entropy = 0.00625719833377
    Total E(T) = -5330.31812171238  Free energy = -5330.31818428436  E0 = -5330.31815299837
cycle= 70 E= -5330.31812171238  delta_E= 1.31e-06  |g|= 0.00356  |ddm|= 0.00862
    sigma = 0.01  Optimized mu = -0.0576754890542  entropy = 0.00626438117641
    Total E(T) = -5330.3181264998  Free energy = -5330.31818914361  E0 = -5330.3181578217
cycle= 71 E= -5330.3181264998  delta_E= -4.79e-06  |g|= 0.00214  |ddm|= 0.0108
    sigma = 0.01  Optimized mu = -0.0576650586746  entropy = 0.00626399866068
    Total E(T) = -5330.31812946079  Free energy = -5330.31819210078  E0 = -5330.31816078078
cycle= 72 E= -5330.31812946079  delta_E= -2.96e-06  |g|= 0.00123  |ddm|= 0.00656
    sigma = 0.01  Optimized mu = -0.0576564576184  entropy = 0.00625942858237
    Total E(T) = -5330.31812995239  Free energy = -5330.31819254667  E0 = -5330.31816124953
cycle= 73 E= -5330.31812995239  delta_E= -4.92e-07  |g|= 0.00222  |ddm|= 0.00895
    sigma = 0.01  Optimized mu = -0.057659003672  entropy = 0.00625457563505
    Total E(T) = -5330.31812814252  Free energy = -5330.31819068828  E0 = -5330.3181594154
cycle= 74 E= -5330.31812814252  delta_E= 1.81e-06  |g|= 0.00362  |ddm|= 0.0101
    sigma = 0.01  Optimized mu = -0.0576628387303  entropy = 0.00625922059641
    Total E(T) = -5330.31813187628  Free energy = -5330.31819446848  E0 = -5330.31816317238
cycle= 75 E= -5330.31813187628  delta_E= -3.73e-06  |g|= 0.00229  |ddm|= 0.00887
    sigma = 0.01  Optimized mu = -0.0576751596847  entropy = 0.00626355310561
    Total E(T) = -5330.318135525  Free energy = -5330.31819816053  E0 = -5330.31816684277
cycle= 76 E= -5330.318135525  delta_E= -3.65e-06  |g|= 0.00101  |ddm|= 0.00966
    sigma = 0.01  Optimized mu = -0.0576843280147  entropy = 0.00626384462144
    Total E(T) = -5330.318137501  Free energy = -5330.31820013945  E0 = -5330.31816882022
cycle= 77 E= -5330.318137501  delta_E= -1.98e-06  |g|= 0.000669  |ddm|= 0.00628
    sigma = 0.01  Optimized mu = -0.0576711043572  entropy = 0.00626102988862
    Total E(T) = -5330.3181391157  Free energy = -5330.318201726  E0 = -5330.31817042085
cycle= 78 E= -5330.3181391157  delta_E= -1.61e-06  |g|= 0.000567  |ddm|= 0.00503
    sigma = 0.01  Optimized mu = -0.0576676979967  entropy = 0.00625710388975
    Total E(T) = -5330.31814052626  Free energy = -5330.3182030973  E0 = -5330.31817181178
cycle= 79 E= -5330.31814052626  delta_E= -1.41e-06  |g|= 0.000655  |ddm|= 0.0077
    sigma = 0.01  Optimized mu = -0.0576670042106  entropy = 0.00625614848389
    Total E(T) = -5330.31814158828  Free energy = -5330.31820414977  E0 = -5330.31817286902
cycle= 80 E= -5330.31814158828  delta_E= -1.06e-06  |g|= 0.00106  |ddm|= 0.00545
    sigma = 0.01  Optimized mu = -0.0576678358596  entropy = 0.00625366109722
    Total E(T) = -5330.3181416492  Free energy = -5330.31820418581  E0 = -5330.3181729175
cycle= 81 E= -5330.3181416492  delta_E= -6.09e-08  |g|= 0.00198  |ddm|= 0.00731
    sigma = 0.01  Optimized mu = -0.0576670051268  entropy = 0.00625524648897
    Total E(T) = -5330.31814237758  Free energy = -5330.31820493004  E0 = -5330.31817365381
cycle= 82 E= -5330.31814237758  delta_E= -7.28e-07  |g|= 0.00213  |ddm|= 0.004
    sigma = 0.01  Optimized mu = -0.0576613749174  entropy = 0.00625726112775
    Total E(T) = -5330.3181448473  Free energy = -5330.31820741991  E0 = -5330.3181761336
cycle= 83 E= -5330.3181448473  delta_E= -2.47e-06  |g|= 0.00131  |ddm|= 0.00712
    sigma = 0.01  Optimized mu = -0.0576579542696  entropy = 0.00625772723765
    Total E(T) = -5330.31814661112  Free energy = -5330.31820918839  E0 = -5330.31817789976
cycle= 84 E= -5330.31814661112  delta_E= -1.76e-06  |g|= 0.000666  |ddm|= 0.00458
    sigma = 0.01  Optimized mu = -0.0576603418413  entropy = 0.00625479685396
    Total E(T) = -5330.31814736971  Free energy = -5330.31820991768  E0 = -5330.31817864369
cycle= 85 E= -5330.31814736971  delta_E= -7.59e-07  |g|= 0.00131  |ddm|= 0.007
    sigma = 0.01  Optimized mu = -0.0576598870808  entropy = 0.00625090919917
    Total E(T) = -5330.31814685822  Free energy = -5330.31820936731  E0 = -5330.31817811277
cycle= 86 E= -5330.31814685822  delta_E= 5.11e-07  |g|= 0.00238  |ddm|= 0.00821
    sigma = 0.01  Optimized mu = -0.0576672151725  entropy = 0.00625603645281
    Total E(T) = -5330.31814959428  Free energy = -5330.31821215464  E0 = -5330.31818087446
cycle= 87 E= -5330.31814959428  delta_E= -2.74e-06  |g|= 0.000908  |ddm|= 0.00957
    sigma = 0.01  Optimized mu = -0.0576706526966  entropy = 0.00625596094243
    Total E(T) = -5330.3181510495  Free energy = -5330.31821360911  E0 = -5330.31818232931
cycle= 88 E= -5330.3181510495  delta_E= -1.46e-06  |g|= 0.000708  |ddm|= 0.00429
    sigma = 0.01  Optimized mu = -0.0576766322439  entropy = 0.0062555172979
    Total E(T) = -5330.31815227776  Free energy = -5330.31821483293  E0 = -5330.31818355535
cycle= 89 E= -5330.31815227776  delta_E= -1.23e-06  |g|= 0.000558  |ddm|= 0.0044
    sigma = 0.01  Optimized mu = -0.0576596637723  entropy = 0.00625383315699
    Total E(T) = -5330.31815343497  Free energy = -5330.3182159733  E0 = -5330.31818470414
cycle= 90 E= -5330.31815343497  delta_E= -1.16e-06  |g|= 0.000488  |ddm|= 0.00404
    sigma = 0.01  Optimized mu = -0.0576579673999  entropy = 0.0062518140356
    Total E(T) = -5330.31815435053  Free energy = -5330.31821686867  E0 = -5330.3181856096
cycle= 91 E= -5330.31815435053  delta_E= -9.16e-07  |g|= 0.000709  |ddm|= 0.00507
    sigma = 0.01  Optimized mu = -0.155672776794  entropy = 12.7487578754
    Total E(T) = -5330.25922090682  Free energy = -5330.38670848558  E0 = -5330.3229646962
Extra cycle  E= -5330.25922090682  delta_E= 0.0589  |g|= 0.128  |ddm|= 2.74
converged SCF energy = -5330.25922090682
=== Job info ===
Job: alclusterpyscf  ID: 13812536  Node: a111.anvil.rcac.purdue.edu
Threads: 8  PySCF max mem (MB): 255465
CPU(s):              128
On-line CPU(s) list: 0-127
Thread(s) per core:  1
Core(s) per socket:  64
Socket(s):           2
NUMA node(s):        8
Model name:          AMD EPYC 7763 64-Core Processor
NUMA node0 CPU(s):   0-15
NUMA node1 CPU(s):   16-31
NUMA node2 CPU(s):   32-47
NUMA node3 CPU(s):   48-63
NUMA node4 CPU(s):   64-79
NUMA node5 CPU(s):   80-95
NUMA node6 CPU(s):   96-111
NUMA node7 CPU(s):   112-127
              total        used        free      shared  buff/cache   available
Mem:          251Gi        13Gi       236Gi       929Mi       1.3Gi       235Gi
Swap:          89Gi       5.5Gi        83Gi
TMPDIR=/tmp
All done.
