=== Job info ===
Job: alclusterpyscf  ID: 13816712  Node: a648.anvil.rcac.purdue.edu
Threads: 8  PySCF max mem (MB): 255465
CPU(s):              128
On-line CPU(s) list: 0-127
Thread(s) per core:  1
Core(s) per socket:  64
Socket(s):           2
NUMA node(s):        8
Model name:          AMD EPYC 7763 64-Core Processor
NUMA node0 CPU(s):   0-15
NUMA node1 CPU(s):   16-31
NUMA node2 CPU(s):   32-47
NUMA node3 CPU(s):   48-63
NUMA node4 CPU(s):   64-79
NUMA node5 CPU(s):   80-95
NUMA node6 CPU(s):   96-111
NUMA node7 CPU(s):   112-127
              total        used        free      shared  buff/cache   available
Mem:          251Gi        16Gi       230Gi       3.3Gi       3.7Gi       230Gi
Swap:          89Gi       3.6Gi        85Gi
TMPDIR=/tmp

=== Starting Python with /usr/bin/time -v ===

Geometry optimization cycle 1
Cartesian coordinates (Angstrom)
 Atom        New coordinates             dX        dY        dZ
  Al   0.000000   0.000000   0.000000    0.000000  0.000000  0.000000
  Al   0.000000  -3.297772   2.331877    0.000000  0.000000  0.000000
  Al   0.000000  -6.595544   4.663754    0.000000  0.000000  0.000000
  Al   0.000000  -9.893316   6.995631    0.000000  0.000000  0.000000
  Al  -2.855954   1.648886   2.331877    0.000000  0.000000  0.000000
  Al  -2.855954  -1.648886   4.663753    0.000000  0.000000  0.000000
  Al  -2.855954  -4.946658   6.995631    0.000000  0.000000  0.000000
  Al  -5.711909   3.297772   4.663754    0.000000  0.000000  0.000000
  Al  -5.711909   0.000000   6.995631    0.000000  0.000000  0.000000
  Al  -8.567863   4.946658   6.995631    0.000000  0.000000  0.000000
  Al   2.855954   1.648886   2.331877    0.000000  0.000000  0.000000
  Al   2.855954  -1.648886   4.663753    0.000000  0.000000  0.000000
  Al   2.855954  -4.946658   6.995631    0.000000  0.000000  0.000000
  Al   0.000000   3.297772   4.663753    0.000000  0.000000  0.000000
  Al   0.000000   0.000000   6.995630    0.000000  0.000000  0.000000
  Al  -2.855955   4.946658   6.995631    0.000000  0.000000  0.000000
  Al   5.711909   3.297772   4.663754    0.000000  0.000000  0.000000
  Al   5.711909   0.000000   6.995631    0.000000  0.000000  0.000000
  Al   2.855955   4.946658   6.995631    0.000000  0.000000  0.000000
  Al   8.567863   4.946658   6.995631    0.000000  0.000000  0.000000
  Al  -1.427977  -0.824443   2.331877    0.000000  0.000000  0.000000
  Al  -1.427977  -4.122215   4.663754    0.000000  0.000000  0.000000
  Al  -1.427977  -7.419987   6.995631    0.000000  0.000000  0.000000
  Al  -4.283931   0.824443   4.663754    0.000000  0.000000  0.000000
  Al  -4.283931  -2.473329   6.995631    0.000000  0.000000  0.000000
  Al  -7.139886   2.473329   6.995631    0.000000 -0.000000  0.000000
  Al   1.427977   0.824443   4.663754    0.000000  0.000000  0.000000
  Al   1.427977  -2.473329   6.995631    0.000000  0.000000  0.000000
  Al  -1.427977   2.473329   6.995631    0.000000  0.000000  0.000000
  Al   4.283931   2.473329   6.995631    0.000000 -0.000000  0.000000
  Al   1.427977  -0.824443   2.331877   -0.000000  0.000000  0.000000
  Al   1.427977  -4.122215   4.663754   -0.000000  0.000000  0.000000
  Al   1.427977  -7.419987   6.995631   -0.000000  0.000000  0.000000
  Al  -1.427977   0.824443   4.663754    0.000000  0.000000  0.000000
  Al  -1.427977  -2.473329   6.995631    0.000000  0.000000  0.000000
  Al  -4.283931   2.473329   6.995631    0.000000 -0.000000  0.000000
  Al   4.283931   0.824443   4.663754    0.000000  0.000000  0.000000
  Al   4.283931  -2.473329   6.995631    0.000000  0.000000  0.000000
  Al   1.427977   2.473329   6.995631   -0.000000  0.000000  0.000000
  Al   7.139886   2.473329   6.995631    0.000000 -0.000000  0.000000
  Al   0.000000   1.648886   2.331877    0.000000 -0.000000  0.000000
  Al   0.000000  -1.648885   4.663754    0.000000  0.000000  0.000000
  Al   0.000000  -4.946658   6.995631    0.000000  0.000000  0.000000
  Al  -2.855954   3.297772   4.663754    0.000000  0.000000  0.000000
  Al  -2.855954   0.000000   6.995631    0.000000  0.000000  0.000000
  Al  -5.711909   4.946658   6.995631    0.000000  0.000000  0.000000
  Al   2.855954   3.297772   4.663754    0.000000  0.000000  0.000000
  Al   2.855954   0.000000   6.995631    0.000000  0.000000  0.000000
  Al   0.000000   4.946658   6.995631    0.000000  0.000000  0.000000
  Al   5.711909   4.946658   6.995631    0.000000  0.000000  0.000000
   O   1.427980   0.824440   8.000000    0.000000  0.000000  0.000000
   O   0.000000  -1.800000   8.000000    0.000000  0.000000  0.000000
converged SCF energy = -12253.1016633638
--------------- DFRKS_Scanner gradients ---------------
         x                y                z
0 Al    -0.0009540250     0.0000908492    -0.0070091359
1 Al     0.0008742735    -0.0077553253    -0.0107795060
2 Al     0.0001395903    -0.0170133902     0.0064535196
3 Al    -0.0001844951    -0.0131183923     0.0039987326
4 Al    -0.0049024598     0.0028445308    -0.0056730623
5 Al    -0.0019348154    -0.0022269945     0.0014615928
6 Al    -0.0117227578    -0.0094739281     0.0040395645
7 Al    -0.0159638366     0.0091803420     0.0084171243
8 Al    -0.0112681188    -0.0069603634     0.0028547933
9 Al    -0.0128681009     0.0075574604     0.0040226283
10 Al     0.0066885782     0.0029723441    -0.0104753619
11 Al     0.0013954074    -0.0008080741     0.0036783631
12 Al     0.0121971088    -0.0068286843     0.0028111222
13 Al     0.0010544473     0.0026382963     0.0012199440
14 Al     0.0036785905     0.0072117924    -0.0368649452
15 Al     0.0004065272     0.0134613510     0.0030120317
16 Al     0.0156739476     0.0088737895     0.0059132532
17 Al     0.0115564678    -0.0068667879     0.0026121560
18 Al     0.0025258482     0.0144075503     0.0039717729
19 Al     0.0113400021     0.0068859571     0.0040163066
20 Al     0.0021287445    -0.0005364951    -0.0116596280
21 Al    -0.0004928616     0.0013811806     0.0042049348
22 Al    -0.0038720330    -0.0151845057    -0.0027243719
23 Al    -0.0022694760    -0.0017238487     0.0028244222
24 Al    -0.0110836185    -0.0066091535     0.0115226632
25 Al    -0.0122029883     0.0081747149    -0.0037727161
26 Al     0.0062779536     0.0005585230     0.0022159019
27 Al    -0.0069732074     0.0112398283    -0.0110729494
28 Al     0.0067588819     0.0066492245     0.0002608212
29 Al     0.0078190986     0.0058591808    -0.0035883804
30 Al    -0.0042742384     0.0024605807    -0.0145460968
31 Al     0.0017960167    -0.0010882733     0.0050018894
32 Al     0.0008063757    -0.0157680842    -0.0020452651
33 Al    -0.0037886290     0.0019750513     0.0046454723
34 Al     0.0041670689     0.0037770148    -0.0108470299
35 Al    -0.0143360036     0.0085782703    -0.0060460795
36 Al     0.0020128884    -0.0012065444     0.0051545655
37 Al     0.0147377131    -0.0083090181     0.0083464745
38 Al    -0.0012629824     0.0022062654    -0.0142704717
39 Al     0.0136997270     0.0074826372    -0.0023410169
40 Al     0.0016196074    -0.0013103283    -0.0110283049
41 Al     0.0025245323    -0.0069448714     0.0016471086
42 Al    -0.0008102532    -0.0069398062    -0.0032709927
43 Al     0.0006151966     0.0028617178     0.0025073873
44 Al    -0.0041205836    -0.0087161882    -0.0005441762
45 Al    -0.0132018122     0.0068967000    -0.0035035981
46 Al    -0.0016400590     0.0000997427     0.0043166421
47 Al    -0.0059237047    -0.0030141942    -0.0147500634
48 Al     0.0000347133     0.0128708676     0.0117974940
49 Al     0.0112614436     0.0108124619    -0.0028576354
50 O     0.0043457497     0.0049092327     0.0360522374
51 O    -0.0020859293    -0.0264923331     0.0307534627
----------------------------------------------
cycle 1: E = -12253.1016634  dE = -12253.1  norm(grad) = 0.112532

Geometry optimization cycle 2
Cartesian coordinates (Angstrom)
 Atom        New coordinates             dX        dY        dZ
  Al   0.000669   0.000212   0.046346    0.000669  0.000212  0.046346
  Al  -0.001119  -3.256992   2.364078   -0.001119  0.040780  0.032202
  Al   0.002330  -6.467732   4.661889    0.002330  0.127812 -0.001865
  Al   0.009714  -9.673864   6.987277    0.009714  0.219452 -0.008354
  Al  -2.824907   1.631034   2.357057    0.031047 -0.017852  0.025180
  Al  -2.824477  -1.625501   4.668846    0.031477  0.023384  0.005092
  Al  -2.820406  -4.851258   6.985625    0.035548  0.095400 -0.010006
  Al  -5.598834   3.228576   4.660926    0.113075 -0.069196 -0.002828
  Al  -5.614432  -0.011430   6.986093    0.097477 -0.011430 -0.009538
  Al  -8.377687   4.819290   6.990527    0.190176 -0.127368 -0.005104
  Al   2.822164   1.629142   2.363110   -0.033790 -0.019744  0.031233
  Al   2.822953  -1.629130   4.669082   -0.033001  0.019756  0.005328
  Al   2.820232  -4.854234   6.987076   -0.035722  0.092424 -0.008554
  Al  -0.001992   3.258229   4.668451   -0.001992 -0.039543  0.004698
  Al  -0.004136   0.002213   6.986503   -0.004136  0.002213 -0.009127
  Al  -2.796838   4.866633   6.985727    0.059117 -0.080025 -0.009904
  Al   5.602967   3.228195   4.663310   -0.108942 -0.069577 -0.000445
  Al   5.616806  -0.014110   6.987031   -0.095103 -0.014110 -0.008600
  Al   2.795663   4.865976   6.985065   -0.060291 -0.080682 -0.010566
  Al   8.389397   4.825269   6.990304   -0.178466 -0.121389 -0.005327
  Al  -1.417554  -0.815092   2.363037    0.010423  0.009351  0.031160
  Al  -1.415295  -4.058156   4.668166    0.012682  0.064059  0.004412
  Al  -1.415499  -7.257529   6.991776    0.012478  0.162458 -0.003855
  Al  -4.220706   0.807563   4.667260    0.063226 -0.016880  0.003506
  Al  -4.224328  -2.432701   6.980470    0.059603  0.040628 -0.015160
  Al  -6.994629   2.389074   6.993268    0.145258 -0.084255 -0.002364
  Al   1.406186   0.813490   4.669361   -0.021790 -0.010953  0.005607
  Al   1.414348  -2.433027   6.984615   -0.013629  0.040302 -0.011015
  Al  -1.406935   2.435217   6.983247    0.021043 -0.038112 -0.012384
  Al   4.201524   2.421311   6.986842   -0.082407 -0.052018 -0.008789
  Al   1.415585  -0.817230   2.365571   -0.012393  0.007213  0.033694
  Al   1.413595  -4.057964   4.668350   -0.014382  0.064251  0.004596
  Al   1.427086  -7.255879   6.991959   -0.000891  0.164108 -0.003672
  Al  -1.410308   0.814246   4.669117    0.017669 -0.010197  0.005363
  Al  -1.415271  -2.429319   6.983981    0.012705  0.044010 -0.011649
  Al  -4.195567   2.421461   6.986999    0.088365 -0.051868 -0.008632
  Al   4.222143   0.805159   4.667510   -0.061788 -0.019284  0.003756
  Al   4.220527  -2.435603   6.983213   -0.063405  0.037726 -0.012418
  Al   1.401565   2.438198   6.984384   -0.026412 -0.035130 -0.011246
  Al   6.998084   2.390203   6.992430   -0.141802 -0.083126 -0.003201
  Al  -0.001806   1.634942   2.362286   -0.001806 -0.013944  0.030408
  Al  -0.002303  -1.623141   4.669809   -0.002303  0.025745  0.006055
  Al   0.001189  -4.849953   6.987245    0.001189  0.096705 -0.008386
  Al  -2.809530   3.250818   4.667573    0.046424 -0.046954  0.003819
  Al  -2.812973   0.001775   6.983618    0.042981  0.001774 -0.012013
  Al  -5.574857   4.856946   6.993289    0.137052 -0.089713 -0.002342
  Al   2.809796   3.252308   4.667324   -0.046158 -0.045464  0.003570
  Al   2.815849  -0.004482   6.985092   -0.040105 -0.004482 -0.010538
  Al  -0.001132   4.874146   6.979887   -0.001132 -0.072512 -0.015744
  Al   5.582737   4.850727   6.991735   -0.129172 -0.095931 -0.003897
   O   1.399691   0.809142   7.968058   -0.028289 -0.015298 -0.031942
   O  -0.001118  -1.750961   7.969508   -0.001118  0.049039 -0.030492
converged SCF energy = -12253.1879660853
--------------- DFRKS_Scanner gradients ---------------
         x                y                z
0 Al    -0.0010902794     0.0001959753    -0.0053553564
1 Al     0.0005806499    -0.0054497828    -0.0079042378
2 Al     0.0000761214    -0.0133460806     0.0069429287
3 Al    -0.0000959254    -0.0102050809     0.0046068812
4 Al    -0.0028809927     0.0016750292    -0.0032994875
5 Al    -0.0001020685    -0.0015501562     0.0031697369
6 Al    -0.0095910510    -0.0087325552     0.0026681583
7 Al    -0.0122214878     0.0069952700     0.0081751410
8 Al    -0.0093748909    -0.0044620511     0.0017985157
9 Al    -0.0101608591     0.0057562386     0.0048152180
10 Al     0.0045699334     0.0021028882    -0.0074896720
11 Al     0.0000263496    -0.0000914293     0.0054135465
12 Al     0.0093386023    -0.0062589517     0.0016754276
13 Al     0.0014251513     0.0007378389     0.0028679765
14 Al     0.0080247257     0.0070197615    -0.0356291568
15 Al    -0.0006355611     0.0106665751     0.0021150937
16 Al     0.0122795062     0.0069771768     0.0064107685
17 Al     0.0096921151    -0.0045137091     0.0013828645
18 Al     0.0028820070     0.0122334267     0.0026818087
19 Al     0.0089287878     0.0053812656     0.0046054574
20 Al     0.0032169082    -0.0000154026    -0.0092674267
21 Al     0.0013156475     0.0025973866     0.0059593120
22 Al    -0.0025837646    -0.0124375369    -0.0029384675
23 Al    -0.0001008590     0.0001884528     0.0043038706
24 Al    -0.0089376360    -0.0055163652     0.0096409062
25 Al    -0.0093776382     0.0075287898    -0.0038166390
26 Al     0.0068617735     0.0008843416     0.0022082143
27 Al    -0.0097705528     0.0124706021    -0.0110190264
28 Al     0.0061602316     0.0064358126    -0.0015795600
29 Al     0.0077822304     0.0056462443    -0.0052244587
30 Al    -0.0054445670     0.0030013635    -0.0116782663
31 Al    -0.0004402718    -0.0000655292     0.0066679906
32 Al    -0.0000157814    -0.0128991874    -0.0023311824
33 Al    -0.0043083590     0.0021149777     0.0049054616
34 Al     0.0079299613     0.0053942506    -0.0106740417
35 Al    -0.0144046290     0.0087053438    -0.0080978460
36 Al     0.0000178074     0.0004937020     0.0068432932
37 Al     0.0122717164    -0.0070403650     0.0064300911
38 Al    -0.0006564588    -0.0020330930    -0.0141494108
39 Al     0.0105741829     0.0067831242    -0.0026006860
40 Al     0.0016127187    -0.0025209241    -0.0088048552
41 Al     0.0024180812    -0.0074541719     0.0015742087
42 Al    -0.0006335565    -0.0072081211    -0.0048548720
43 Al     0.0001879122     0.0000166304     0.0039058337
44 Al    -0.0040736681    -0.0082102020    -0.0025218634
45 Al    -0.0110852453     0.0047991479    -0.0035082870
46 Al    -0.0017156203    -0.0022881284     0.0059654740
47 Al    -0.0085879961    -0.0010518566    -0.0148550490
48 Al     0.0002557054     0.0105608287     0.0100439579
49 Al     0.0094723493     0.0081973675    -0.0030280776
50 O     0.0030037132     0.0047626154     0.0283079493
51 O    -0.0026139153    -0.0269624219     0.0245953314
----------------------------------------------
cycle 2: E = -12253.1879661  dE = -0.0863027  norm(grad) = 0.0998655

Geometry optimization cycle 3
Cartesian coordinates (Angstrom)
 Atom        New coordinates             dX        dY        dZ
  Al   0.002005   0.000040   0.103267    0.001336 -0.000172  0.056920
  Al  -0.002267  -3.203925   2.402746   -0.001148  0.053067  0.038667
  Al   0.006381  -6.288100   4.655946    0.004051  0.179632 -0.005943
  Al   0.023300  -9.356510   6.972029    0.013586  0.317354 -0.015248
  Al  -2.787376   1.608599   2.384787    0.037531 -0.022435  0.027731
  Al  -2.784261  -1.593142   4.673508    0.040216  0.032360  0.004662
  Al  -2.771624  -4.711594   6.975137    0.048783  0.139664 -0.010488
  Al  -5.441811   3.131516   4.654851    0.157023 -0.097060 -0.006075
  Al  -5.475524  -0.032700   6.976598    0.138908 -0.021270 -0.009495
  Al  -8.101493   4.638272   6.978994    0.276194 -0.181018 -0.011534
  Al   2.778865   1.603158   2.400030   -0.043299 -0.025984  0.036920
  Al   2.780061  -1.602848   4.673830   -0.042892  0.026282  0.004748
  Al   2.773990  -4.720031   6.978917   -0.046242  0.134203 -0.008159
  Al  -0.006952   3.205668   4.672625   -0.004959 -0.052561  0.004173
  Al  -0.011953   0.005191   6.979008   -0.007816  0.002978 -0.007494
  Al  -2.710288   4.753240   6.975409    0.086550 -0.113393 -0.010318
  Al   5.451641   3.130042   4.659586   -0.151326 -0.098153 -0.003724
  Al   5.482460  -0.039143   6.979355   -0.134346 -0.025033 -0.007676
  Al   2.706498   4.750793   6.974029   -0.089166 -0.115184 -0.011036
  Al   8.132421   4.650022   6.979383   -0.256976 -0.175247 -0.010921
  Al  -1.405895  -0.802597   2.401114    0.011659  0.012495  0.038076
  Al  -1.400067  -3.970362   4.670877    0.015228  0.087794  0.002711
  Al  -1.399178  -7.022269   6.988295    0.016321  0.235260 -0.003481
  Al  -4.135421   0.781969   4.669691    0.085285 -0.025594  0.002431
  Al  -4.141679  -2.374676   6.962902    0.082649  0.058024 -0.017568
  Al  -6.788519   2.264698   6.992225    0.206109 -0.124376 -0.001043
  Al   1.375438   0.798435   4.674598   -0.030749 -0.015055  0.005237
  Al   1.398549  -2.376030   6.972971   -0.015798  0.056997 -0.011645
  Al  -1.378973   2.381481   6.969574    0.027961 -0.053736 -0.013673
  Al   4.084526   2.346181   6.978501   -0.116998 -0.075130 -0.008342
  Al   1.400413  -0.808226   2.407358   -0.015171  0.009005  0.041786
  Al   1.396736  -3.969615   4.671251   -0.016860  0.088349  0.002900
  Al   1.429411  -7.018718   6.988792    0.002324  0.237161 -0.003168
  Al  -1.387636   0.800372   4.674067    0.022672 -0.013874  0.004950
  Al  -1.401053  -2.366068   6.971107    0.014218  0.063251 -0.012875
  Al  -4.068022   2.345204   6.978802    0.127545 -0.076257 -0.008197
  Al   4.139251   0.776201   4.669497   -0.082892 -0.028958  0.001987
  Al   4.132822  -2.382293   6.970371   -0.087705  0.053309 -0.012842
  Al   1.363155   2.390703   6.972940   -0.038410 -0.047495 -0.011444
  Al   6.797761   2.267160   6.990303   -0.200323 -0.123043 -0.002128
  Al  -0.005665   1.617748   2.399181   -0.003859 -0.017194  0.036896
  Al  -0.006194  -1.586843   4.675654   -0.003892  0.036298  0.005846
  Al   0.003618  -4.710611   6.978899    0.002429  0.139342 -0.008346
  Al  -2.746056   3.187283   4.670366    0.063475 -0.063536  0.002792
  Al  -2.753908   0.004105   6.970399    0.059064  0.002330 -0.013219
  Al  -5.376013   4.731060   6.992249    0.198844 -0.125885 -0.001041
  Al   2.746198   3.191698   4.669087   -0.063598 -0.060610  0.001762
  Al   2.762142  -0.012526   6.974910   -0.053707 -0.008044 -0.010183
  Al  -0.004822   4.771807   6.961295   -0.003689 -0.102339 -0.018592
  Al   5.396027   4.714431   6.988568   -0.186709 -0.136296 -0.003167
   O   1.359049   0.786847   7.928247   -0.040642 -0.022296 -0.039812
   O  -0.003074  -1.673831   7.929769   -0.001956  0.077130 -0.039739
converged SCF energy = -12253.2725423282
--------------- DFRKS_Scanner gradients ---------------
         x                y                z
0 Al    -0.0012664327     0.0003777951    -0.0033663611
1 Al     0.0004845320    -0.0019705536    -0.0034022393
2 Al     0.0000064620    -0.0063028771     0.0068635190
3 Al     0.0000834419    -0.0050703197     0.0055146081
4 Al     0.0002365319    -0.0000703757     0.0001679529
5 Al     0.0022681697    -0.0002235842     0.0055722628
6 Al    -0.0057559165    -0.0070522882     0.0007437269
7 Al    -0.0047266039     0.0025977626     0.0070969097
8 Al    -0.0060585689    -0.0001304364     0.0001052750
9 Al    -0.0050906706     0.0024256213     0.0059935947
10 Al     0.0016065548     0.0005711030    -0.0029109738
11 Al    -0.0019269152     0.0009421814     0.0075430065
12 Al     0.0044884999    -0.0052415957    -0.0000626673
13 Al     0.0014890445    -0.0019309414     0.0052160319
14 Al     0.0147895093     0.0048181600    -0.0305502057
15 Al    -0.0023022536     0.0056957450     0.0006379621
16 Al     0.0056626526     0.0032324201     0.0063883850
17 Al     0.0064318896    -0.0004653897    -0.0004175396
18 Al     0.0032813380     0.0080040119     0.0008779632
19 Al     0.0046263846     0.0026471924     0.0054982923
20 Al     0.0047395849     0.0008571772    -0.0052315108
21 Al     0.0041092600     0.0038861709     0.0077162320
22 Al    -0.0014002162    -0.0066490689    -0.0030508783
23 Al     0.0030625593     0.0033411439     0.0060260928
24 Al    -0.0052266532    -0.0032490685     0.0065444954
25 Al    -0.0040200607     0.0045439050    -0.0036336039
26 Al     0.0074171901     0.0012454918     0.0014004157
27 Al    -0.0116113163     0.0130674661    -0.0108521390
28 Al     0.0040095792     0.0066449244    -0.0037169093
29 Al     0.0071432492     0.0049795128    -0.0068758740
30 Al    -0.0069497986     0.0037042246    -0.0068886159
31 Al    -0.0039283533     0.0009460530     0.0083353416
32 Al    -0.0003947833    -0.0067838200    -0.0025352018
33 Al    -0.0052555548     0.0023421795     0.0048083539
34 Al     0.0113558957     0.0069523729    -0.0100927066
35 Al    -0.0128338863     0.0079242028    -0.0102864003
36 Al    -0.0026831195     0.0036104885     0.0085111938
37 Al     0.0078531771    -0.0046360625     0.0033231076
38 Al     0.0007547445    -0.0072580347    -0.0130513536
39 Al     0.0047825421     0.0039642209    -0.0027864460
40 Al     0.0014819430    -0.0043373007    -0.0052228188
41 Al     0.0021156204    -0.0077069704     0.0006629761
42 Al    -0.0004109169    -0.0075680307    -0.0065183093
43 Al    -0.0006925672    -0.0042894974     0.0055831511
44 Al    -0.0048738408    -0.0068673813    -0.0047887161
45 Al    -0.0059222385     0.0016414746    -0.0033051793
46 Al    -0.0012258683    -0.0057908686     0.0076240963
47 Al    -0.0108805145     0.0014872509    -0.0143764459
48 Al     0.0003987525     0.0065115672     0.0070853598
49 Al     0.0050717700     0.0041331008    -0.0031080253
50 O    -0.0008870438     0.0035451011     0.0160264645
51 O    -0.0034242916    -0.0230693473     0.0152058498
----------------------------------------------
cycle 3: E = -12253.2725423  dE = -0.0845762  norm(grad) = 0.080966

Geometry optimization cycle 4
Cartesian coordinates (Angstrom)
 Atom        New coordinates             dX        dY        dZ
  Al   0.005518  -0.002194   0.165064    0.003513 -0.002233  0.061797
  Al  -0.003808  -3.148308   2.438290   -0.001542  0.055617  0.035544
  Al   0.012741  -6.078455   4.637662    0.006360  0.209645 -0.018284
  Al   0.039963  -8.979928   6.925767    0.016663  0.376582 -0.046262
  Al  -2.755343   1.587003   2.403221    0.032033 -0.021595  0.018434
  Al  -2.746150  -1.557170   4.673569    0.038111  0.035972  0.000061
  Al  -2.715912  -4.537854   6.970313    0.055711  0.173741 -0.004824
  Al  -5.267976   3.019924   4.639047    0.173836 -0.111591 -0.015805
  Al  -5.310101  -0.068584   6.973827    0.165422 -0.035884 -0.002771
  Al  -7.783325   4.433357   6.938939    0.318168 -0.204916 -0.040054
  Al   2.733972   1.575229   2.431800   -0.044893 -0.027929  0.031770
  Al   2.737836  -1.576009   4.673270   -0.042225  0.026838 -0.000560
  Al   2.728135  -4.553226   6.978950   -0.045855  0.166806  0.000033
  Al  -0.016200   3.151108   4.671599   -0.009249 -0.054559 -0.001026
  Al  -0.028425   0.010624   6.987641   -0.016472  0.005434  0.008633
  Al  -2.602548   4.620737   6.970654    0.107740 -0.132503 -0.004755
  Al   5.280405   3.014597   4.643276   -0.171236 -0.115445 -0.016310
  Al   5.325663  -0.079452   6.979895   -0.156797 -0.040309  0.000540
  Al   2.596030   4.613837   6.967029   -0.110468 -0.136956 -0.007000
  Al   7.835547   4.443946   6.942203   -0.296874 -0.206076 -0.037180
  Al  -1.399983  -0.789847   2.438253    0.005911  0.012750  0.037140
  Al  -1.389156  -3.871441   4.666648    0.010911  0.098921 -0.004229
  Al  -1.378201  -6.742051   6.984573    0.020978  0.280218 -0.003723
  Al  -4.043908   0.746708   4.665829    0.091513 -0.035261 -0.003861
  Al  -4.046608  -2.305940   6.948721    0.095071  0.068737 -0.014181
  Al  -6.554740   2.116664   6.992977    0.233779 -0.148035  0.000752
  Al   1.337360   0.781732   4.677237   -0.038077 -0.016703  0.002639
  Al   1.389337  -2.311962   6.973244   -0.009212  0.064068  0.000274
  Al  -1.348449   2.317679   6.964653    0.030524 -0.063802 -0.004921
  Al   3.947934   2.255066   6.978085   -0.136592 -0.091115 -0.000416
  Al   1.388109  -0.801381   2.450035   -0.012304  0.006845  0.042678
  Al   1.384913  -3.867723   4.666825   -0.011823  0.101891 -0.004425
  Al   1.438057  -6.736434   6.985528    0.008647  0.282284 -0.003264
  Al  -1.364524   0.784732   4.676381    0.023112 -0.015639  0.002314
  Al  -1.394334  -2.291345   6.968450    0.006719  0.074723 -0.002657
  Al  -3.913725   2.250426   6.980095    0.154297 -0.094778  0.001293
  Al   4.049698   0.735927   4.662644   -0.089553 -0.040274 -0.006852
  Al   4.033495  -2.319676   6.966141   -0.099327  0.062617 -0.004230
  Al   1.316473   2.343344   6.972752   -0.046683 -0.047359 -0.000188
  Al   6.570248   2.118081   6.988881   -0.227513 -0.149079 -0.001421
  Al  -0.013449   1.603380   2.434599   -0.007785 -0.014367  0.035418
  Al  -0.013523  -1.543433   4.679759   -0.007328  0.043410  0.004105
  Al   0.008398  -4.541484   6.978926    0.004780  0.169127  0.000027
  Al  -2.674694   3.119239   4.666895    0.071362 -0.068044 -0.003471
  Al  -2.686309   0.007598   6.966755    0.067599  0.003493 -0.003644
  Al  -5.145740   4.587666   6.993305    0.230273 -0.143394  0.001057
  Al   2.673444   3.128713   4.662026   -0.072754 -0.062986 -0.007061
  Al   2.709200  -0.025746   6.978015   -0.052942 -0.013220  0.003106
  Al  -0.011101   4.652086   6.944403   -0.006280 -0.119721 -0.016893
  Al   5.180599   4.553756   6.985101   -0.215429 -0.160675 -0.003466
   O   1.315295   0.762868   7.898905   -0.043754 -0.023979 -0.029341
   O  -0.006513  -1.568528   7.895090   -0.003439  0.105303 -0.034678
converged SCF energy = -12253.302840264
--------------- DFRKS_Scanner gradients ---------------
         x                y                z
0 Al    -0.0016148776     0.0007289462    -0.0012821871
1 Al     0.0007233045     0.0021097965     0.0028024718
2 Al    -0.0001077742     0.0047394237     0.0048266379
3 Al     0.0003070588     0.0019640967     0.0065217121
4 Al     0.0039857728    -0.0021215120     0.0036571921
5 Al     0.0048588435     0.0020160259     0.0075588984
6 Al    -0.0000594285    -0.0024517999    -0.0013507511
7 Al     0.0070285381    -0.0044131729     0.0038024239
8 Al     0.0001160106     0.0045464830    -0.0018944381
9 Al     0.0024262437    -0.0023804144     0.0073987355
10 Al    -0.0015088869    -0.0013779905     0.0029769715
11 Al    -0.0044482746     0.0022661596     0.0081211465
12 Al    -0.0023335929    -0.0021940903    -0.0018126188
13 Al     0.0008719371    -0.0049922642     0.0071921062
14 Al     0.0204906311    -0.0055106281    -0.0166858460
15 Al    -0.0030894798    -0.0019706832    -0.0010940590
16 Al    -0.0047058812    -0.0026439650     0.0043701658
17 Al     0.0006531575     0.0042717530    -0.0021277982
18 Al     0.0021335634     0.0007706795    -0.0009679025
19 Al    -0.0013382523    -0.0012010693     0.0065267098
20 Al     0.0062504790     0.0021215988     0.0004498967
21 Al     0.0076590875     0.0045581329     0.0078781635
22 Al    -0.0005105986     0.0030009436    -0.0026672041
23 Al     0.0068510732     0.0071261056     0.0063363179
24 Al     0.0004290788     0.0012192812     0.0023340289
25 Al     0.0037998524    -0.0019025119    -0.0026872540
26 Al     0.0069113630     0.0012654183    -0.0022846710
27 Al    -0.0072618873     0.0092098808    -0.0106535060
28 Al    -0.0013565310     0.0072514282    -0.0044729775
29 Al     0.0042469968     0.0027404187    -0.0063932889
30 Al    -0.0081906414     0.0041734647     0.0001538970
31 Al    -0.0086280090     0.0014955491     0.0081075703
32 Al     0.0005804284     0.0039080977    -0.0020962214
33 Al    -0.0060986242     0.0021273480     0.0034363544
34 Al     0.0091905738     0.0062176541    -0.0090186508
35 Al    -0.0056643123     0.0038521464    -0.0103110099
36 Al    -0.0053685049     0.0081372689     0.0079748187
37 Al     0.0005629144    -0.0005081180    -0.0002093497
38 Al     0.0032633945    -0.0092598058    -0.0097456562
39 Al    -0.0039706017    -0.0024607003    -0.0023402580
40 Al     0.0009684643    -0.0064454167    -0.0006126181
41 Al     0.0011746791    -0.0068161133    -0.0029199061
42 Al    -0.0000763900    -0.0069149923    -0.0065817568
43 Al    -0.0017325076    -0.0094258102     0.0059546099
44 Al    -0.0069769121    -0.0035336276    -0.0056127004
45 Al     0.0028531129    -0.0019662479    -0.0023175368
46 Al     0.0003555512    -0.0094448686     0.0074984819
47 Al    -0.0080673824     0.0031127531    -0.0122749100
48 Al     0.0000902950     0.0001097510     0.0030730540
49 Al    -0.0024733413    -0.0013236449    -0.0027024674
50 O    -0.0085828696     0.0005300645     0.0016548922
51 O    -0.0046150715    -0.0043946421     0.0025574150
----------------------------------------------
cycle 4: E = -12253.3028403  dE = -0.0302979  norm(grad) = 0.0653711

Geometry optimization cycle 5
Cartesian coordinates (Angstrom)
 Atom        New coordinates             dX        dY        dZ
  Al   0.008109  -0.003659   0.158617    0.002591 -0.001465 -0.006447
  Al  -0.003448  -3.162220   2.426568    0.000360 -0.013912 -0.011721
  Al   0.013762  -6.117130   4.628784    0.001021 -0.038676 -0.008878
  Al   0.037246  -9.043356   6.899551   -0.002718 -0.063428 -0.026216
  Al  -2.770629   1.594910   2.391277   -0.015286  0.007907 -0.011944
  Al  -2.760042  -1.566031   4.670065   -0.013892 -0.008861 -0.003504
  Al  -2.725273  -4.563015   6.976163   -0.009361 -0.025162  0.005849
  Al  -5.308978   3.044834   4.631991   -0.041003  0.024910 -0.007056
  Al  -5.340082  -0.069611   6.980414   -0.029981 -0.001027  0.006587
  Al  -7.846394   4.483111   6.913611   -0.063069  0.049754 -0.025328
  Al   2.744677   1.581770   2.420341    0.010704  0.006541 -0.011458
  Al   2.752613  -1.584325   4.670097    0.014776 -0.008316 -0.003172
  Al   2.743964  -4.576972   6.985996    0.015829 -0.023746  0.007046
  Al  -0.017355   3.166567   4.668087   -0.001155  0.015458 -0.003512
  Al  -0.030925   0.012118   7.002364   -0.002500  0.001494  0.014723
  Al  -2.617375   4.646179   6.976362   -0.014827  0.025443  0.005708
  Al   5.314753   3.035264   4.634275    0.034348  0.020667 -0.009001
  Al   5.355163  -0.080663   6.986880    0.029501 -0.001211  0.006984
  Al   2.611105   4.636492   6.971730    0.015076  0.022655  0.004701
  Al   7.888678   4.483079   6.918366    0.053131  0.039133 -0.023837
  Al  -1.407470  -0.793877   2.429792   -0.007486 -0.004030 -0.008462
  Al  -1.396624  -3.893005   4.661377   -0.007468 -0.021565 -0.005271
  Al  -1.378817  -6.790614   6.982002   -0.000617 -0.048563 -0.002570
  Al  -4.068352   0.748715   4.661033   -0.024443  0.002007 -0.004796
  Al  -4.064406  -2.319739   6.955438   -0.017798 -0.013799  0.006717
  Al  -6.606459   2.147469   6.991462   -0.051719  0.030805 -0.001515
  Al   1.341930   0.785522   4.676821    0.004569  0.003791 -0.000416
  Al   1.398886  -2.327222   6.986690    0.009549 -0.015260  0.013446
  Al  -1.355059   2.328060   6.975417   -0.006610  0.010381  0.010764
  Al   3.973047   2.269424   6.985391    0.025114  0.014358  0.007306
  Al   1.395471  -0.805689   2.441823    0.007362 -0.004308 -0.008212
  Al   1.395214  -3.887265   4.661469    0.010301 -0.019542 -0.005356
  Al   1.440879  -6.787032   6.982803    0.002821 -0.050598 -0.002725
  Al  -1.370885   0.788194   4.675173   -0.006361  0.003461 -0.001208
  Al  -1.401985  -2.306194   6.980898   -0.007651 -0.014849  0.012449
  Al  -3.939141   2.264965   6.988740   -0.025416  0.014539  0.008645
  Al   4.071495   0.736737   4.657141    0.021797  0.000811 -0.005503
  Al   4.054370  -2.331001   6.975442    0.020875 -0.011325  0.009301
  Al   1.323795   2.358181   6.984757    0.007323  0.014837  0.012005
  Al   6.618197   2.144633   6.986574    0.047949  0.026553 -0.002308
  Al  -0.014782   1.611237   2.426761   -0.001333  0.007857 -0.007838
  Al  -0.014063  -1.550319   4.679453   -0.000540 -0.006886 -0.000306
  Al   0.010153  -4.568255   6.986787    0.001755 -0.026771  0.007861
  Al  -2.689841   3.138114   4.662033   -0.015147  0.018875 -0.004862
  Al  -2.698800   0.008058   6.978353   -0.012490  0.000460  0.011598
  Al  -5.190888   4.619615   6.991868   -0.045148  0.031948 -0.001437
  Al   2.686505   3.146851   4.656300    0.013061  0.018139 -0.005725
  Al   2.727050  -0.025834   6.991609    0.017850 -0.000088  0.013593
  Al  -0.011080   4.673110   6.949856    0.000021  0.021024  0.005453
  Al   5.221270   4.581972   6.982498    0.040672  0.028216 -0.002603
   O   1.328856   0.769514   7.917072    0.013561  0.006646  0.018167
   O  -0.004822  -1.580101   7.912407    0.001691 -0.011573  0.017316
converged SCF energy = -12253.3110245109
--------------- DFRKS_Scanner gradients ---------------
         x                y                z
0 Al    -0.0015575613     0.0006850978    -0.0015857995
1 Al     0.0007175781     0.0010500830     0.0015137722
2 Al    -0.0001679416     0.0018642258     0.0039786770
3 Al     0.0001504697     0.0007812144     0.0064373192
4 Al     0.0029165032    -0.0015353365     0.0023773793
5 Al     0.0037147266     0.0011654527     0.0062050621
6 Al    -0.0014184032    -0.0020464319    -0.0007453917
7 Al     0.0034934700    -0.0023095872     0.0029614671
8 Al    -0.0001993590     0.0014812348    -0.0012398417
9 Al     0.0004315415    -0.0008799288     0.0072585009
10 Al    -0.0005811783    -0.0008884705     0.0016692620
11 Al    -0.0031009672     0.0015519581     0.0066940059
12 Al    -0.0002349654    -0.0009935312    -0.0011809597
13 Al     0.0009427194    -0.0036220772     0.0059176348
14 Al     0.0158836209    -0.0041416082    -0.0190131728
15 Al    -0.0014332167    -0.0002375469    -0.0005473617
16 Al    -0.0019261395    -0.0009518311     0.0035830605
17 Al     0.0006207537     0.0013611731    -0.0014290956
18 Al     0.0011224138     0.0019295449    -0.0003378155
19 Al    -0.0003296703    -0.0004637683     0.0063970608
20 Al     0.0053467274     0.0015461746    -0.0005522367
21 Al     0.0060372852     0.0039871720     0.0067342707
22 Al    -0.0005362154     0.0002268969    -0.0025261028
23 Al     0.0055811406     0.0051471312     0.0050761117
24 Al    -0.0004344969     0.0001733114     0.0030264933
25 Al     0.0007216477     0.0003669542    -0.0025976628
26 Al     0.0064471576     0.0012695297    -0.0030080059
27 Al    -0.0049863875     0.0074671757    -0.0103370722
28 Al    -0.0004100226     0.0066978003    -0.0030674083
29 Al     0.0038063888     0.0028480222    -0.0048566935
30 Al    -0.0073092727     0.0037099140    -0.0009633571
31 Al    -0.0069485752     0.0011798401     0.0068765484
32 Al     0.0001897634     0.0006289612    -0.0019355094
33 Al    -0.0051672991     0.0017966732     0.0032343472
34 Al     0.0063133103     0.0045923281    -0.0089263870
35 Al    -0.0053326310     0.0036863330    -0.0085051841
36 Al    -0.0042980831     0.0064388523     0.0066742707
37 Al     0.0017629616    -0.0011614739     0.0004560242
38 Al     0.0027148509    -0.0062333533    -0.0094695117
39 Al    -0.0009071891    -0.0001687086    -0.0021023167
40 Al     0.0010466846    -0.0054149371    -0.0014534656
41 Al     0.0010621114    -0.0065525627    -0.0034345822
42 Al    -0.0003492609    -0.0062334784    -0.0050381724
43 Al    -0.0008974333    -0.0073521375     0.0047417584
44 Al    -0.0059802170    -0.0038137164    -0.0040605505
45 Al    -0.0001479389    -0.0004333712    -0.0022058224
46 Al    -0.0001409365    -0.0075772700     0.0062914262
47 Al    -0.0059248491     0.0018936383    -0.0116925166
48 Al     0.0002149262     0.0011292661     0.0036850076
49 Al    -0.0000486267     0.0001673145    -0.0025147496
50 O    -0.0061953517     0.0015062194     0.0065848603
51 O    -0.0042720231    -0.0054015998     0.0069968062
----------------------------------------------
cycle 5: E = -12253.3110245  dE = -0.00818425  norm(grad) = 0.0557874

Geometry optimization cycle 6
Cartesian coordinates (Angstrom)
 Atom        New coordinates             dX        dY        dZ
  Al   0.017644  -0.007436   0.169188    0.009535 -0.003778  0.010571
  Al  -0.003517  -3.175316   2.410814   -0.000069 -0.013095 -0.015754
  Al   0.020367  -6.134983   4.598661    0.006605 -0.017852 -0.030123
  Al   0.040488  -9.066725   6.796142    0.003242 -0.023369 -0.103409
  Al  -2.800277   1.610050   2.369407   -0.029648  0.015141 -0.021870
  Al  -2.782509  -1.572786   4.662682   -0.022467 -0.006754 -0.007383
  Al  -2.726311  -4.564255   6.989894   -0.001038 -0.001240  0.013732
  Al  -5.346452   3.066454   4.608667   -0.037474  0.021620 -0.023324
  Al  -5.358658  -0.078120   6.996303   -0.018576 -0.008509  0.015889
  Al  -7.879980   4.526011   6.812699   -0.033586  0.042900 -0.100912
  Al   2.753812   1.588613   2.404625    0.009135  0.006843 -0.015717
  Al   2.773628  -1.594310   4.664559    0.021016 -0.009985 -0.005538
  Al   2.765500  -4.578622   7.005494    0.021536 -0.001651  0.019498
  Al  -0.025262   3.186713   4.660335   -0.007907  0.020146 -0.007752
  Al  -0.043972   0.020033   7.048113   -0.013047  0.007915  0.045748
  Al  -2.618533   4.662195   6.988617   -0.001157  0.016015  0.012255
  Al   5.335843   3.042096   4.604584    0.021090  0.006832 -0.029691
  Al   5.374572  -0.094539   7.006322    0.019409 -0.013876  0.019442
  Al   2.610904   4.642925   6.980903   -0.000201  0.006433  0.009172
  Al   7.914107   4.503794   6.825755    0.025429  0.020715 -0.092611
  Al  -1.425972  -0.797526   2.424411   -0.018502 -0.003649 -0.005381
  Al  -1.411628  -3.910478   4.647052   -0.015005 -0.017473 -0.014325
  Al  -1.370170  -6.809206   6.969600    0.008647 -0.018591 -0.012402
  Al  -4.099061   0.743713   4.648480   -0.030709 -0.005002 -0.012554
  Al  -4.076267  -2.326879   6.968664   -0.011861 -0.007140  0.013226
  Al  -6.645092   2.168906   6.982510   -0.038633  0.021438 -0.008952
  Al   1.337580   0.789736   4.680989   -0.004350  0.004214  0.004167
  Al   1.418389  -2.341035   7.025714    0.019503 -0.013813  0.039024
  Al  -1.361540   2.331083   7.003490   -0.006481  0.003023  0.028074
  Al   3.986284   2.271725   7.004380    0.013237  0.002301  0.018989
  Al   1.409924  -0.813134   2.439435    0.014452 -0.007446 -0.002388
  Al   1.417809  -3.898117   4.647417    0.022595 -0.010852 -0.014052
  Al   1.452814  -6.809023   6.970371    0.011936 -0.021992 -0.012432
  Al  -1.379379   0.793200   4.675627   -0.008494  0.005006  0.000454
  Al  -1.417654  -2.314614   7.015614   -0.015668 -0.008421  0.034716
  Al  -3.947724   2.268818   7.011657   -0.008583  0.003853  0.022917
  Al   4.093121   0.723288   4.642155    0.021625 -0.013449 -0.014986
  Al   4.070138  -2.335655   7.001086    0.015768 -0.004654  0.025644
  Al   1.324100   2.378079   7.018465    0.000305  0.019898  0.033709
  Al   6.652501   2.153954   6.975587    0.034304  0.009321 -0.010987
  Al  -0.022283   1.628195   2.422856   -0.007501  0.016958 -0.003905
  Al  -0.018704  -1.549360   4.684322   -0.004641  0.000959  0.004868
  Al   0.017480  -4.572596   7.007926    0.007328 -0.004340  0.021140
  Al  -2.703626   3.163160   4.649354   -0.013784  0.025047 -0.012679
  Al  -2.705704   0.013954   7.009531   -0.006904  0.005896  0.031178
  Al  -5.215844   4.644730   6.983226   -0.024956  0.025115 -0.008643
  Al   2.692052   3.170152   4.640015    0.005547  0.023301 -0.016286
  Al   2.751458  -0.029601   7.031788    0.024408 -0.003767  0.040179
  Al  -0.014558   4.683136   6.958006   -0.003478  0.010026  0.008151
  Al   5.243436   4.591213   6.969683    0.022166  0.009241 -0.012815
   O   1.347509   0.777815   7.953281    0.018653  0.008301  0.036209
   O  -0.001020  -1.570538   7.944971    0.003802  0.009562  0.032565
converged SCF energy = -12253.3229543488
--------------- DFRKS_Scanner gradients ---------------
         x                y                z
0 Al    -0.0015598651     0.0007178171    -0.0015477073
1 Al     0.0008465113    -0.0002155273     0.0006114353
2 Al    -0.0003583642    -0.0004431278     0.0012705471
3 Al    -0.0000745158    -0.0002126506     0.0064817262
4 Al     0.0016190079    -0.0008103964     0.0004349245
5 Al     0.0018296875     0.0001662731     0.0034180040
6 Al    -0.0021241861     0.0003111633     0.0000237248
7 Al     0.0005831997    -0.0006251321     0.0000898239
8 Al     0.0003792821    -0.0022820056    -0.0004354694
9 Al    -0.0014793959     0.0007588877     0.0073930766
10 Al     0.0005689164    -0.0004314522     0.0007583412
11 Al    -0.0010633406     0.0006421843     0.0032362451
12 Al     0.0015693196     0.0021712889    -0.0002210021
13 Al     0.0008056375    -0.0017916739     0.0035545533
14 Al     0.0076085031    -0.0056813911    -0.0178142928
15 Al     0.0012514045     0.0008165399     0.0000578201
16 Al     0.0001757707     0.0004905411     0.0011312309
17 Al    -0.0009796633    -0.0024586348    -0.0003327710
18 Al    -0.0011873000     0.0016606097     0.0004849210
19 Al     0.0003834142     0.0001679733     0.0063760900
20 Al     0.0036561644     0.0007978530    -0.0009632885
21 Al     0.0035500057     0.0023159445     0.0037201012
22 Al    -0.0004203446    -0.0019320396    -0.0020110513
23 Al     0.0035889593     0.0024266785     0.0021534813
24 Al    -0.0005425392    -0.0006010144     0.0032996655
25 Al    -0.0022424287     0.0019810273    -0.0020596555
26 Al     0.0048550709     0.0012433733    -0.0057226739
27 Al     0.0015599907     0.0019795754    -0.0089903543
28 Al    -0.0005949188     0.0053569829     0.0000566361
29 Al     0.0019307868     0.0020723992    -0.0010838294
30 Al    -0.0055132445     0.0028226157    -0.0010990571
31 Al    -0.0047320679     0.0002572333     0.0035985605
32 Al     0.0001049020    -0.0019573565    -0.0012997926
33 Al    -0.0029409505     0.0010761326     0.0020775904
34 Al    -0.0009442694     0.0004282712    -0.0076988959
35 Al    -0.0021042642     0.0017809408    -0.0043719694
36 Al    -0.0025877753     0.0044747416     0.0032349839
37 Al     0.0017475777    -0.0011152471     0.0010239812
38 Al     0.0023944347     0.0001015916    -0.0074277637
39 Al     0.0019280260     0.0015364471    -0.0013772669
40 Al     0.0009464719    -0.0037248796    -0.0017163473
41 Al     0.0006053335    -0.0051218285    -0.0057464240
42 Al    -0.0006126446    -0.0043600577    -0.0013084610
43 Al     0.0003178957    -0.0043801867     0.0020164098
44 Al    -0.0043819458    -0.0024464578    -0.0004659799
45 Al    -0.0027002383     0.0013244569    -0.0015948051
46 Al    -0.0002810088    -0.0045185549     0.0032525681
47 Al    -0.0001712483     0.0000257938    -0.0092663317
48 Al     0.0001885655     0.0010736191     0.0037350639
49 Al     0.0020356613     0.0012827071    -0.0019277410
50 O    -0.0036353452     0.0022828342     0.0118880426
51 O    -0.0037956362     0.0004636097     0.0111433709
----------------------------------------------
cycle 6: E = -12253.3229543  dE = -0.0119298  norm(grad) = 0.0426144

Geometry optimization cycle 7
Cartesian coordinates (Angstrom)
 Atom        New coordinates             dX        dY        dZ
  Al   0.035412  -0.013624   0.207368    0.017768 -0.006188  0.038180
  Al  -0.004850  -3.179202   2.400003   -0.001333 -0.003886 -0.010811
  Al   0.033652  -6.117888   4.551800    0.013285  0.017095 -0.046861
  Al   0.052797  -9.027432   6.595111    0.012309  0.039293 -0.201031
  Al  -2.841173   1.631683   2.348474   -0.040896  0.021633 -0.020933
  Al  -2.808672  -1.572216   4.657833   -0.026162  0.000570 -0.004848
  Al  -2.713765  -4.540866   7.009100    0.012546  0.023389  0.019205
  Al  -5.368804   3.079747   4.573530   -0.022352  0.013293 -0.035137
  Al  -5.363038  -0.084679   7.018257   -0.004379 -0.006559  0.021954
  Al  -7.854372   4.538491   6.611700    0.025608  0.012481 -0.200998
  Al   2.754187   1.592827   2.392876    0.000375  0.004214 -0.011748
  Al   2.794294  -1.602203   4.664218    0.020665 -0.007893 -0.000341
  Al   2.786167  -4.560159   7.035125    0.020668  0.018464  0.029631
  Al  -0.040989   3.207476   4.653514   -0.015728  0.020763 -0.006821
  Al  -0.065332   0.036454   7.125363   -0.021360  0.016420  0.077250
  Al  -2.608861   4.665445   7.003241    0.009671  0.003250  0.014624
  Al   5.331437   3.027326   4.556917   -0.004406 -0.014770 -0.047667
  Al   5.381970  -0.113632   7.035345    0.007398 -0.019093  0.029023
  Al   2.597563   4.630161   6.990639   -0.013341 -0.012764  0.009736
  Al   7.894005   4.493545   6.643305   -0.020102 -0.010249 -0.182450
  Al  -1.453843  -0.797920   2.431823   -0.027872 -0.000394  0.007412
  Al  -1.430394  -3.915568   4.629395   -0.018766 -0.005091 -0.017657
  Al  -1.350180  -6.786330   6.939914    0.019990  0.022876 -0.029686
  Al  -4.131189   0.734423   4.633824   -0.032128 -0.009290 -0.014655
  Al  -4.078808  -2.321793   6.987358   -0.002541  0.005086  0.018694
  Al  -6.654224   2.175793   6.956981   -0.009132  0.006887 -0.025528
  Al   1.321191   0.793507   4.698137   -0.016389  0.003771  0.017148
  Al   1.442022  -2.348074   7.091239    0.023633 -0.007040  0.065525
  Al  -1.366457   2.325383   7.047885   -0.004917 -0.005700  0.044394
  Al   3.983205   2.259904   7.031132   -0.003079 -0.011821  0.026752
  Al   1.428402  -0.821500   2.451875    0.018478 -0.008366  0.012440
  Al   1.449845  -3.892824   4.630978    0.032036  0.005294 -0.016439
  Al   1.472383  -6.790726   6.940763    0.019568  0.018297 -0.029609
  Al  -1.388754   0.800616   4.684317   -0.009375  0.007416  0.008690
  Al  -1.434256  -2.311562   7.073238   -0.016602  0.003052  0.057624
  Al  -3.937645   2.263369   7.045280    0.010079 -0.005448  0.033622
  Al   4.106709   0.694516   4.623803    0.013588 -0.028772 -0.018352
  Al   4.075934  -2.330778   7.042940    0.005795  0.004877  0.041854
  Al   1.315271   2.397236   7.072722   -0.008829  0.019157  0.054257
  Al   6.659930   2.141152   6.946888    0.007429 -0.012802 -0.028699
  Al  -0.036799   1.652861   2.432123   -0.014516  0.024665  0.009267
  Al  -0.027162  -1.536278   4.703032   -0.008459  0.013083  0.018710
  Al   0.031059  -4.548622   7.039766    0.013579  0.023974  0.031839
  Al  -2.714372   3.191554   4.633787   -0.010746  0.028393 -0.015567
  Al  -2.703356   0.028237   7.059735    0.002347  0.014283  0.050204
  Al  -5.208047   4.653746   6.957887    0.007797  0.009016 -0.025339
  Al   2.685105   3.192929   4.617997   -0.006947  0.022777 -0.022017
  Al   2.774777  -0.034760   7.098398    0.023319 -0.005159  0.066610
  Al  -0.022054   4.680018   6.966626   -0.007496 -0.003118  0.008620
  Al   5.237131   4.574022   6.937401   -0.006305 -0.017191 -0.032282
   O   1.368689   0.785963   8.001317    0.021180  0.008148  0.048037
   O   0.006929  -1.543755   7.990145    0.007949  0.026784  0.045174
converged SCF energy = -12253.3350751208
--------------- DFRKS_Scanner gradients ---------------
         x                y                z
0 Al    -0.0015013048     0.0007449166    -0.0007731643
1 Al     0.0011102588    -0.0013181179     0.0004680492
2 Al    -0.0007343437    -0.0009467077    -0.0019976948
3 Al    -0.0001958826    -0.0010779146     0.0067410080
4 Al     0.0002305067    -0.0000392292    -0.0018714728
5 Al    -0.0000757985    -0.0004468483     0.0000157083
6 Al    -0.0013658424     0.0035429438     0.0006592733
7 Al    -0.0001562000    -0.0002542796    -0.0033694524
8 Al     0.0010159217    -0.0046782077     0.0002545830
9 Al    -0.0028406693     0.0020355829     0.0079532622
10 Al     0.0015706807    -0.0001983544     0.0005653602
11 Al     0.0007669868     0.0000457764    -0.0014192536
12 Al     0.0020526366     0.0057330038     0.0008381662
13 Al     0.0004494890    -0.0002308072     0.0006758754
14 Al    -0.0017726406    -0.0090632874    -0.0134180602
15 Al     0.0034053450     0.0009797313     0.0004839872
16 Al     0.0006724695     0.0011907661    -0.0018519624
17 Al    -0.0030839974    -0.0052989393     0.0009060351
18 Al    -0.0035329432    -0.0001117345     0.0012132474
19 Al     0.0008783988     0.0006405811     0.0065211996
20 Al     0.0016468137     0.0001891989    -0.0004803918
21 Al     0.0010795948    -0.0003073301    -0.0001892477
22 Al     0.0001139854    -0.0024035911    -0.0014623152
23 Al     0.0013509384    -0.0002632501    -0.0012175112
24 Al     0.0000149743    -0.0009515109     0.0030333082
25 Al    -0.0036912456     0.0024444664    -0.0013718131
26 Al     0.0019638311     0.0008887991    -0.0088122519
27 Al     0.0090602316    -0.0054819656    -0.0067383567
28 Al    -0.0019368517     0.0027588786     0.0038203748
29 Al    -0.0002110125     0.0006723898     0.0035501221
30 Al    -0.0032310287     0.0017156412    -0.0003650970
31 Al    -0.0026041456    -0.0008904755    -0.0006421831
32 Al     0.0002215833    -0.0026863421    -0.0004547032
33 Al     0.0005054077    -0.0001355657     0.0002786947
34 Al    -0.0093238842    -0.0053111483    -0.0054321247
35 Al     0.0023907296    -0.0010930536     0.0002403863
36 Al    -0.0007826185     0.0025048071    -0.0012699709
37 Al     0.0004635035    -0.0003654621     0.0015392557
38 Al     0.0021632553     0.0074709217    -0.0042254738
39 Al     0.0031463841     0.0019065984    -0.0004527005
40 Al     0.0005562846    -0.0018326594    -0.0010894853
41 Al    -0.0001092133    -0.0024165110    -0.0083428558
42 Al    -0.0005402267    -0.0017133758     0.0032113958
43 Al     0.0015058215    -0.0013020943    -0.0010985589
44 Al    -0.0021716284     0.0010706388     0.0038840548
45 Al    -0.0036048494     0.0023689002    -0.0007917269
46 Al     0.0002764820    -0.0009399476    -0.0007179207
47 Al     0.0063096993    -0.0013737525    -0.0055285096
48 Al    -0.0001188920    -0.0000522957     0.0032075479
49 Al     0.0028478175     0.0011721954    -0.0012579883
50 O    -0.0009312779     0.0024785494     0.0144781537
51 O    -0.0032514817     0.0105162228     0.0121365814
----------------------------------------------
cycle 7: E = -12253.3350751  dE = -0.0121208  norm(grad) = 0.0440492

Geometry optimization cycle 8
Cartesian coordinates (Angstrom)
 Atom        New coordinates             dX        dY        dZ
  Al   0.058496  -0.020474   0.267840    0.023084 -0.006850  0.060472
  Al  -0.008136  -3.169372   2.401893   -0.003286  0.009830  0.001890
  Al   0.049627  -6.076136   4.502908    0.015975  0.041752 -0.048892
  Al   0.066791  -8.935580   6.320811    0.013995  0.091852 -0.274300
  Al  -2.882556   1.655224   2.343834   -0.041383  0.023541 -0.004640
  Al  -2.830918  -1.563210   4.663476   -0.022246  0.009006  0.005642
  Al  -2.693449  -4.512143   7.026792    0.020315  0.028724  0.017693
  Al  -5.376752   3.086826   4.539191   -0.007948  0.007079 -0.034339
  Al  -5.361362  -0.080127   7.038243    0.001676  0.004551  0.019986
  Al  -7.768783   4.507944   6.332624    0.085588 -0.030547 -0.279076
  Al   2.742864   1.593391   2.393462   -0.011323  0.000564  0.000585
  Al   2.808788  -1.605869   4.677444    0.014494 -0.003666  0.013226
  Al   2.801344  -4.543093   7.064800    0.015176  0.017066  0.029675
  Al  -0.060499   3.225367   4.655382   -0.019510  0.017891  0.001868
  Al  -0.085817   0.058822   7.217776   -0.020485  0.022368  0.092413
  Al  -2.600438   4.664008   7.013887    0.008424 -0.001437  0.010646
  Al   5.305742   2.997936   4.505928   -0.025694 -0.029389 -0.050989
  Al   5.387493  -0.124898   7.063819    0.005523 -0.011266  0.028475
  Al   2.584320   4.611442   6.995787   -0.013244 -0.018720  0.005148
  Al   7.834032   4.459578   6.392064   -0.059973 -0.033967 -0.251241
  Al  -1.483423  -0.793614   2.456744   -0.029580  0.004306  0.024920
  Al  -1.447023  -3.906973   4.618150   -0.016628  0.008595 -0.011245
  Al  -1.327406  -6.741708   6.891246    0.022774  0.044622 -0.048668
  Al  -4.159408   0.727162   4.626425   -0.028219 -0.007261 -0.007400
  Al  -4.075873  -2.306979   7.007002    0.002935  0.014814  0.019643
  Al  -6.638497   2.173359   6.911196    0.015728 -0.002434 -0.045785
  Al   1.297912   0.796631   4.732988   -0.023278  0.003124  0.034851
  Al   1.461085  -2.348039   7.170109    0.019063  0.000036  0.078869
  Al  -1.368845   2.317520   7.099131   -0.002388 -0.007863  0.051246
  Al   3.972042   2.243267   7.056329   -0.011163 -0.016638  0.025197
  Al   1.445451  -0.827553   2.481512    0.017049 -0.006053  0.029637
  Al   1.483016  -3.874809   4.622234    0.033171  0.018015 -0.008744
  Al   1.491360  -6.752319   6.891866    0.018977  0.038407 -0.048897
  Al  -1.397476   0.810724   4.706291   -0.008722  0.010108  0.021974
  Al  -1.442190  -2.299729   7.142328   -0.007935  0.011833  0.069090
  Al  -3.922456   2.258923   7.079289    0.015189 -0.004446  0.034009
  Al   4.109793   0.659223   4.613536    0.003084 -0.035293 -0.010267
  Al   4.076237  -2.321376   7.090954    0.000303  0.009402  0.048014
  Al   1.301879   2.410075   7.135445   -0.013392  0.012839  0.062723
  Al   6.647601   2.119567   6.897691   -0.012329 -0.021585 -0.049198
  Al  -0.054517   1.679702   2.458684   -0.017718  0.026841  0.026561
  Al  -0.036155  -1.514392   4.739777   -0.008992  0.021885  0.036744
  Al   0.046956  -4.512484   7.072484    0.015896  0.036138  0.032718
  Al  -2.723367   3.219734   4.624428   -0.008995  0.028181 -0.009360
  Al  -2.694674   0.048082   7.118058    0.008683  0.019844  0.058322
  Al  -5.179036   4.649412   6.912328    0.029011 -0.004334 -0.045559
  Al   2.668024   3.209932   4.601439   -0.017081  0.017003 -0.016558
  Al   2.790538  -0.037654   7.176755    0.015761 -0.002894  0.078356
  Al  -0.030831   4.673153   6.973337   -0.008777 -0.006865  0.006711
  Al   5.212661   4.544121   6.884092   -0.024470 -0.029901 -0.053309
   O   1.389006   0.792018   8.049874    0.020317  0.006055  0.048557
   O   0.020995  -1.520152   8.041589    0.014066  0.023603  0.051443
