=== Job info ===
Job: alclusterpyscf  ID: 13816493  Node: a118.anvil.rcac.purdue.edu
Threads: 8  PySCF max mem (MB): 255465
CPU(s):              128
On-line CPU(s) list: 0-127
Thread(s) per core:  1
Core(s) per socket:  64
Socket(s):           2
NUMA node(s):        8
Model name:          AMD EPYC 7763 64-Core Processor
NUMA node0 CPU(s):   0-15
NUMA node1 CPU(s):   16-31
NUMA node2 CPU(s):   32-47
NUMA node3 CPU(s):   48-63
NUMA node4 CPU(s):   64-79
NUMA node5 CPU(s):   80-95
NUMA node6 CPU(s):   96-111
NUMA node7 CPU(s):   112-127
              total        used        free      shared  buff/cache   available
Mem:          251Gi        13Gi       236Gi       1.1Gi       1.5Gi       235Gi
Swap:          89Gi       5.6Gi        83Gi
TMPDIR=/tmp

=== Starting Python with /usr/bin/time -v ===

Geometry optimization cycle 1
Cartesian coordinates (Angstrom)
 Atom        New coordinates             dX        dY        dZ
  Al   0.000000   0.000000   0.000000    0.000000  0.000000  0.000000
  Al   0.000000  -3.297772   2.331877    0.000000  0.000000  0.000000
  Al   0.000000  -6.595544   4.663754    0.000000  0.000000  0.000000
  Al   0.000000  -9.893316   6.995631    0.000000  0.000000  0.000000
  Al  -2.855954   1.648886   2.331877    0.000000  0.000000  0.000000
  Al  -2.855954  -1.648886   4.663753    0.000000  0.000000  0.000000
  Al  -2.855954  -4.946658   6.995631    0.000000  0.000000  0.000000
  Al  -5.711909   3.297772   4.663754    0.000000  0.000000  0.000000
  Al  -5.711909   0.000000   6.995631    0.000000  0.000000  0.000000
  Al  -8.567863   4.946658   6.995631    0.000000  0.000000  0.000000
  Al   2.855954   1.648886   2.331877    0.000000  0.000000  0.000000
  Al   2.855954  -1.648886   4.663753    0.000000  0.000000  0.000000
  Al   2.855954  -4.946658   6.995631    0.000000  0.000000  0.000000
  Al   0.000000   3.297772   4.663753    0.000000  0.000000  0.000000
  Al   0.000000   0.000000   6.995630    0.000000  0.000000  0.000000
  Al  -2.855955   4.946658   6.995631    0.000000  0.000000  0.000000
  Al   5.711909   3.297772   4.663754    0.000000  0.000000  0.000000
  Al   5.711909   0.000000   6.995631    0.000000  0.000000  0.000000
  Al   2.855955   4.946658   6.995631    0.000000  0.000000  0.000000
  Al   8.567863   4.946658   6.995631    0.000000  0.000000  0.000000
  Al  -1.427977  -0.824443   2.331877    0.000000  0.000000  0.000000
  Al  -1.427977  -4.122215   4.663754    0.000000  0.000000  0.000000
  Al  -1.427977  -7.419987   6.995631    0.000000  0.000000  0.000000
  Al  -4.283931   0.824443   4.663754    0.000000  0.000000  0.000000
  Al  -4.283931  -2.473329   6.995631    0.000000  0.000000  0.000000
  Al  -7.139886   2.473329   6.995631    0.000000 -0.000000  0.000000
  Al   1.427977   0.824443   4.663754    0.000000  0.000000  0.000000
  Al   1.427977  -2.473329   6.995631    0.000000  0.000000  0.000000
  Al  -1.427977   2.473329   6.995631    0.000000  0.000000  0.000000
  Al   4.283931   2.473329   6.995631    0.000000 -0.000000  0.000000
  Al   1.427977  -0.824443   2.331877   -0.000000  0.000000  0.000000
  Al   1.427977  -4.122215   4.663754   -0.000000  0.000000  0.000000
  Al   1.427977  -7.419987   6.995631   -0.000000  0.000000  0.000000
  Al  -1.427977   0.824443   4.663754    0.000000  0.000000  0.000000
  Al  -1.427977  -2.473329   6.995631    0.000000  0.000000  0.000000
  Al  -4.283931   2.473329   6.995631    0.000000 -0.000000  0.000000
  Al   4.283931   0.824443   4.663754    0.000000  0.000000  0.000000
  Al   4.283931  -2.473329   6.995631    0.000000  0.000000  0.000000
  Al   1.427977   2.473329   6.995631   -0.000000  0.000000  0.000000
  Al   7.139886   2.473329   6.995631    0.000000 -0.000000  0.000000
  Al   0.000000   1.648886   2.331877    0.000000 -0.000000  0.000000
  Al   0.000000  -1.648885   4.663754    0.000000  0.000000  0.000000
  Al   0.000000  -4.946658   6.995631    0.000000  0.000000  0.000000
  Al  -2.855954   3.297772   4.663754    0.000000  0.000000  0.000000
  Al  -2.855954   0.000000   6.995631    0.000000  0.000000  0.000000
  Al  -5.711909   4.946658   6.995631    0.000000  0.000000  0.000000
  Al   2.855954   3.297772   4.663754    0.000000  0.000000  0.000000
  Al   2.855954   0.000000   6.995631    0.000000  0.000000  0.000000
  Al   0.000000   4.946658   6.995631    0.000000  0.000000  0.000000
  Al   5.711909   4.946658   6.995631    0.000000  0.000000  0.000000
   O   1.427980   0.824440   8.000000    0.000000  0.000000  0.000000
   O   0.000000  -1.800000   8.000000    0.000000  0.000000  0.000000
