The following modules were not unloaded:
  (Use "module --force purge" to unload all):

  1) xalt/2.10.45
lmod: xalt was automatically unloaded
Traceback (most recent call last):
  File "alcluster.py", line 79, in <module>
    eo2 = mfo2.kernel()
  File "<string>", line 2, in kernel
  File "/home/x-wmiao/.conda/envs/n2v_envi/lib/python3.8/site-packages/pyscf/scf/hf.py", line 1787, in scf
    self.dump_flags()
  File "/home/x-wmiao/.conda/envs/n2v_envi/lib/python3.8/site-packages/pyscf/dft/uks.py", line 174, in dump_flags
    rks.KohnShamDFT.dump_flags(self, verbose)
  File "/home/x-wmiao/.conda/envs/n2v_envi/lib/python3.8/site-packages/pyscf/dft/rks.py", line 364, in dump_flags
    if self.do_nlc():
  File "/home/x-wmiao/.conda/envs/n2v_envi/lib/python3.8/site-packages/pyscf/dft/rks.py", line 396, in do_nlc
    xc_has_nlc = self._numint.libxc.is_nlc(xc)
  File "/home/x-wmiao/.conda/envs/n2v_envi/lib/python3.8/site-packages/pyscf/dft/libxc.py", line 930, in is_nlc
    fn_facs = parse_xc(xc_code)[1]
  File "/home/x-wmiao/.conda/envs/n2v_envi/lib/python3.8/site-packages/pyscf/dft/libxc.py", line 1244, in parse_xc
    parse_token(token, 'compound XC', search_xc_alias=True)
  File "/home/x-wmiao/.conda/envs/n2v_envi/lib/python3.8/site-packages/pyscf/dft/libxc.py", line 1195, in parse_token
    raise KeyError(f"LibXCFunctional: name '{key}' not found.")
KeyError: "LibXCFunctional: name 'XC=PBE0' not found."
srun: error: a120: task 0: Exited with exit code 1
Command exited with non-zero status 1
	Command being timed: "srun --cpu-bind=cores python -u alcluster.py"
	User time (seconds): 0.02
	System time (seconds): 0.14
	Percent of CPU this job got: 0%
	Elapsed (wall clock) time (h:mm:ss or m:ss): 14:49:26
	Average shared text size (kbytes): 0
	Average unshared data size (kbytes): 0
	Average stack size (kbytes): 0
	Average total size (kbytes): 0
	Maximum resident set size (kbytes): 8588
	Average resident set size (kbytes): 0
	Major (requiring I/O) page faults: 0
	Minor (reclaiming a frame) page faults: 1288
	Voluntary context switches: 3482
	Involuntary context switches: 31
	Swaps: 0
	File system inputs: 0
	File system outputs: 0
	Socket messages sent: 0
	Socket messages received: 0
	Signals delivered: 0
	Page size (bytes): 4096
	Exit status: 1
